#
# There is insufficient memory for the Java Runtime Environment to continue.
# Native memory allocation (malloc) failed to allocate 32505856 bytes for committing reserved memory.
# Possible reasons:
#   The system is out of physical RAM or swap space
#   In 32 bit mode, the process size limit was hit
# Possible solutions:
#   Reduce memory load on the system
#   Increase physical memory or swap space
#   Check if swap backing store is full
#   Use 64 bit Java on a 64 bit OS
#   Decrease Java heap size (-Xmx/-Xms)
#   Decrease number of Java threads
#   Decrease Java thread stack sizes (-Xss)
#   Set larger code cache with -XX:ReservedCodeCacheSize=
# This output file may be truncated or incomplete.
#
#  Out of Memory Error (os_linux.cpp:2827), pid=12681, tid=139735318673152
#
# JRE version: OpenJDK Runtime Environment (7.0_91-b02) (build 1.7.0_91-b02)
# Java VM: OpenJDK 64-Bit Server VM (24.91-b01 mixed mode linux-amd64 compressed oops)
# Derivative: IcedTea 2.6.3
# Distribution: Ubuntu 14.04 LTS, package 7u91-2.6.3-0ubuntu0.14.04.1
# Failed to write core dump. Core dumps have been disabled. To enable core dumping, try "ulimit -c unlimited" before starting Java again
#

---------------  T H R E A D  ---------------

Current thread (0x00007f16b0075800):  VMThread [stack: 0x00007f16a9f83000,0x00007f16aa084000] [id=12726]

Stack: [0x00007f16a9f83000,0x00007f16aa084000],  sp=0x00007f16aa082490,  free space=1021k
Native frames: (J=compiled Java code, j=interpreted, Vv=VM code, C=native code)
V  [libjvm.so+0x953e15]  VMError::report_and_die()+0x175
V  [libjvm.so+0x48fd94]  report_vm_out_of_memory(char const*, int, unsigned long, char const*)+0x74
V  [libjvm.so+0x7cf87b]  os::pd_commit_memory(char*, unsigned long, unsigned long, bool)+0xeb
V  [libjvm.so+0x7ca33f]  os::commit_memory(char*, unsigned long, unsigned long, bool)+0x1f
V  [libjvm.so+0x83dacb]  PSVirtualSpace::expand_by(unsigned long)+0x5b
V  [libjvm.so+0x83e930]  PSYoungGen::resize_generation(unsigned long, unsigned long)+0xb0
V  [libjvm.so+0x83f01b]  PSYoungGen::resize(unsigned long, unsigned long)+0x1b
V  [libjvm.so+0x83b258]  PSScavenge::invoke_no_policy()+0xd68
V  [libjvm.so+0x83bac8]  PSScavenge::invoke()+0x38
V  [libjvm.so+0x7f2083]  ParallelScavengeHeap::failed_mem_allocate(unsigned long)+0x63
V  [libjvm.so+0x955814]  VM_ParallelGCFailedAllocation::doit()+0x84
V  [libjvm.so+0x959917]  VM_Operation::evaluate()+0x47
V  [libjvm.so+0x9583d8]  VMThread::evaluate_operation(VM_Operation*)+0x318
V  [libjvm.so+0x958839]  VMThread::loop()+0x219
V  [libjvm.so+0x958c82]  VMThread::run()+0x72
V  [libjvm.so+0x7cc742]  java_start(Thread*)+0xf2

VM_Operation (0x00007f16a389c400): ParallelGCFailedAllocation, mode: safepoint, requested by thread 0x00007f16b0190000


---------------  P R O C E S S  ---------------

Java Threads: ( => current thread )
  0x00007f16b0199800 JavaThread "pool-1-thread-4" [_thread_blocked, id=12774, stack(0x00007f16a349a000,0x00007f16a359b000)]
  0x00007f16b0197800 JavaThread "pool-1-thread-3" [_thread_blocked, id=12773, stack(0x00007f16a359b000,0x00007f16a369c000)]
  0x00007f16b0193800 JavaThread "pool-1-thread-2" [_thread_blocked, id=12765, stack(0x00007f16a369c000,0x00007f16a379d000)]
  0x00007f16b0190000 JavaThread "pool-2-thread-1" [_thread_blocked, id=12763, stack(0x00007f16a379d000,0x00007f16a389e000)]
  0x00007f16b018f000 JavaThread "pool-1-thread-1" [_thread_blocked, id=12761, stack(0x00007f16a389e000,0x00007f16a399f000)]
  0x00007f16b00ae800 JavaThread "Service Thread" daemon [_thread_blocked, id=12756, stack(0x00007f16a929b000,0x00007f16a939c000)]
  0x00007f16b00ac800 JavaThread "C2 CompilerThread1" daemon [_thread_blocked, id=12753, stack(0x00007f16a939c000,0x00007f16a949d000)]
  0x00007f16b00a9800 JavaThread "C2 CompilerThread0" daemon [_thread_blocked, id=12752, stack(0x00007f16a949d000,0x00007f16a959e000)]
  0x00007f16b00a7000 JavaThread "Signal Dispatcher" daemon [_thread_blocked, id=12744, stack(0x00007f16a959e000,0x00007f16a969f000)]
  0x00007f16b007c000 JavaThread "Finalizer" daemon [_thread_blocked, id=12729, stack(0x00007f16a9d81000,0x00007f16a9e82000)]
  0x00007f16b007a000 JavaThread "Reference Handler" daemon [_thread_blocked, id=12728, stack(0x00007f16a9e82000,0x00007f16a9f83000)]
  0x00007f16b000a800 JavaThread "main" [_thread_blocked, id=12706, stack(0x00007f16b8691000,0x00007f16b8792000)]

Other Threads:
=>0x00007f16b0075800 VMThread [stack: 0x00007f16a9f83000,0x00007f16aa084000] [id=12726]
  0x00007f16b00b9000 WatcherThread [stack: 0x00007f16a919a000,0x00007f16a929b000] [id=12757]

VM state:at safepoint (normal execution)

VM Mutex/Monitor currently owned by a thread:  ([mutex/lock_event])
[0x00007f16b0006930] Threads_lock - owner thread: 0x00007f16b0075800
[0x00007f16b0006e30] Heap_lock - owner thread: 0x00007f16b0190000

Heap
 PSYoungGen      total 34304K, used 2560K [0x00000000eaa80000, 0x00000000ece80000, 0x0000000100000000)
  eden space 31744K, 0% used [0x00000000eaa80000,0x00000000eaa80000,0x00000000ec980000)
  from space 2560K, 100% used [0x00000000ec980000,0x00000000ecc00000,0x00000000ecc00000)
  to   space 2560K, 0% used [0x00000000ecc00000,0x00000000ecc00000,0x00000000ece80000)
 ParOldGen       total 41472K, used 9146K [0x00000000c0000000, 0x00000000c2880000, 0x00000000eaa80000)
  object space 41472K, 22% used [0x00000000c0000000,0x00000000c08eeab8,0x00000000c2880000)
 PSPermGen       total 21504K, used 6026K [0x00000000b5a00000, 0x00000000b6f00000, 0x00000000c0000000)
  object space 21504K, 28% used [0x00000000b5a00000,0x00000000b5fe2820,0x00000000b6f00000)

Card table byte_map: [0x00007f16b5079000,0x00007f16b52cd000] byte_map_base: 0x00007f16b4acc000

Polling page: 0x00007f16b87b6000

Code Cache  [0x00007f16ad000000, 0x00007f16ad270000, 0x00007f16b0000000)
 total_blobs=429 nmethods=198 adapters=184 free_code_cache=48383Kb largest_free_block=49514048

Compilation events (10 events):
Event: 3.819 Thread 0x00007f16b00a9800 nmethod 193 0x00007f16ad0ab550 code [0x00007f16ad0ab6a0, 0x00007f16ad0ab728]
Event: 3.819 Thread 0x00007f16b00a9800  194             com.android.dx.ssa.SsaMethod::bitSetFromLabelList (47 bytes)
Event: 3.843 Thread 0x00007f16b00a9800 nmethod 194 0x00007f16ad0ad510 code [0x00007f16ad0ad6a0, 0x00007f16ad0adb68]
Event: 3.843 Thread 0x00007f16b00a9800  195             com.android.dx.rop.code.PlainInsn::accept (8 bytes)
Event: 3.846 Thread 0x00007f16b00a9800 nmethod 195 0x00007f16ad0bac90 code [0x00007f16ad0bade0, 0x00007f16ad0bae58]
Event: 3.846 Thread 0x00007f16b00a9800  196             com.android.dx.ssa.SsaMethod$2::addToUses (48 bytes)
Event: 3.893 Thread 0x00007f16b00a9800 nmethod 196 0x00007f16ad0bb2d0 code [0x00007f16ad0bb4c0, 0x00007f16ad0bbd98]
Event: 3.894 Thread 0x00007f16b00a9800  197             com.android.dx.ssa.DeadCodeRemover::pruneDeadInstructions (246 bytes)
Event: 3.958 Thread 0x00007f16b00a9800 nmethod 197 0x00007f16ad0c4e10 code [0x00007f16ad0c4fc0, 0x00007f16ad0c5618]
Event: 3.958 Thread 0x00007f16b00a9800  198             com.android.dx.ssa.SCCP::simulateBranch (666 bytes)

GC Heap History (5 events):
Event: 1.774 GC heap before
{Heap before GC invocations=1 (full 0):
 PSYoungGen      total 18432K, used 15872K [0x00000000eaa80000, 0x00000000ebf00000, 0x0000000100000000)
  eden space 15872K, 100% used [0x00000000eaa80000,0x00000000eba00000,0x00000000eba00000)
  from space 2560K, 0% used [0x00000000ebc80000,0x00000000ebc80000,0x00000000ebf00000)
  to   space 2560K, 0% used [0x00000000eba00000,0x00000000eba00000,0x00000000ebc80000)
 ParOldGen       total 41472K, used 0K [0x00000000c0000000, 0x00000000c2880000, 0x00000000eaa80000)
  object space 41472K, 0% used [0x00000000c0000000,0x00000000c0000000,0x00000000c2880000)
 PSPermGen       total 21504K, used 5779K [0x00000000b5a00000, 0x00000000b6f00000, 0x00000000c0000000)
  object space 21504K, 26% used [0x00000000b5a00000,0x00000000b5fa4f68,0x00000000b6f00000)
Event: 1.817 GC heap after
Heap after GC invocations=1 (full 0):
 PSYoungGen      total 18432K, used 2554K [0x00000000eaa80000, 0x00000000ece80000, 0x0000000100000000)
  eden space 15872K, 0% used [0x00000000eaa80000,0x00000000eaa80000,0x00000000eba00000)
  from space 2560K, 99% used [0x00000000eba00000,0x00000000ebc7eab8,0x00000000ebc80000)
  to   space 2560K, 0% used [0x00000000ecc00000,0x00000000ecc00000,0x00000000ece80000)
 ParOldGen       total 41472K, used 1451K [0x00000000c0000000, 0x00000000c2880000, 0x00000000eaa80000)
  object space 41472K, 3% used [0x00000000c0000000,0x00000000c016af68,0x00000000c2880000)
 PSPermGen       total 21504K, used 5779K [0x00000000b5a00000, 0x00000000b6f00000, 0x00000000c0000000)
  object space 21504K, 26% used [0x00000000b5a00000,0x00000000b5fa4f68,0x00000000b6f00000)
}
Event: 3.218 GC heap before
{Heap before GC invocations=2 (full 0):
 PSYoungGen      total 18432K, used 18426K [0x00000000eaa80000, 0x00000000ece80000, 0x0000000100000000)
  eden space 15872K, 100% used [0x00000000eaa80000,0x00000000eba00000,0x00000000eba00000)
  from space 2560K, 99% used [0x00000000eba00000,0x00000000ebc7eab8,0x00000000ebc80000)
  to   space 2560K, 0% used [0x00000000ecc00000,0x00000000ecc00000,0x00000000ece80000)
 ParOldGen       total 41472K, used 1451K [0x00000000c0000000, 0x00000000c2880000, 0x00000000eaa80000)
  object space 41472K, 3% used [0x00000000c0000000,0x00000000c016af68,0x00000000c2880000)
 PSPermGen       total 21504K, used 5961K [0x00000000b5a00000, 0x00000000b6f00000, 0x00000000c0000000)
  object space 21504K, 27% used [0x00000000b5a00000,0x00000000b5fd26b8,0x00000000b6f00000)
Event: 3.255 GC heap after
Heap after GC invocations=2 (full 0):
 PSYoungGen      total 34304K, used 2535K [0x00000000eaa80000, 0x00000000ece80000, 0x0000000100000000)
  eden space 31744K, 0% used [0x00000000eaa80000,0x00000000eaa80000,0x00000000ec980000)
  from space 2560K, 99% used [0x00000000ecc00000,0x00000000ece79c98,0x00000000ece80000)
  to   space 2560K, 0% used [0x00000000ec980000,0x00000000ec980000,0x00000000ecc00000)
 ParOldGen       total 41472K, used 3777K [0x00000000c0000000, 0x00000000c2880000, 0x00000000eaa80000)
  object space 41472K, 9% used [0x00000000c0000000,0x00000000c03b0610,0x00000000c2880000)
 PSPermGen       total 21504K, used 5961K [0x00000000b5a00000, 0x00000000b6f00000, 0x00000000c0000000)
  object space 21504K, 27% used [0x00000000b5a00000,0x00000000b5fd26b8,0x00000000b6f00000)
}
Event: 4.862 GC heap before
{Heap before GC invocations=3 (full 0):
 PSYoungGen      total 34304K, used 34279K [0x00000000eaa80000, 0x00000000ece80000, 0x0000000100000000)
  eden space 31744K, 100% used [0x00000000eaa80000,0x00000000ec980000,0x00000000ec980000)
  from space 2560K, 99% used [0x00000000ecc00000,0x00000000ece79c98,0x00000000ece80000)
  to   space 2560K, 0% used [0x00000000ec980000,0x00000000ec980000,0x00000000ecc00000)
 ParOldGen       total 41472K, used 3777K [0x00000000c0000000, 0x00000000c2880000, 0x00000000eaa80000)
  object space 41472K, 9% used [0x00000000c0000000,0x00000000c03b0610,0x00000000c2880000)
 PSPermGen       total 21504K, used 6026K [0x00000000b5a00000, 0x00000000b6f00000, 0x00000000c0000000)
  object space 21504K, 28% used [0x00000000b5a00000,0x00000000b5fe2820,0x00000000b6f00000)

Deoptimization events (10 events):
Event: 1.381 Thread 0x00007f16b0193800 Uncommon trap: reason=unstable_if action=reinterpret pc=0x00007f16ad0724dc method=java.util.BitSet.nextSetBit(I)I @ 87
Event: 1.413 Thread 0x00007f16b0199800 Uncommon trap: reason=class_check action=maybe_recompile pc=0x00007f16ad0780f4 method=com.android.dx.ssa.NormalSsaInsn.accept(Lcom/android/dx/ssa/SsaInsn$Visitor;)V @ 9
Event: 1.445 Thread 0x00007f16b0199800 Uncommon trap: reason=class_check action=maybe_recompile pc=0x00007f16ad0780f4 method=com.android.dx.ssa.NormalSsaInsn.accept(Lcom/android/dx/ssa/SsaInsn$Visitor;)V @ 9
Event: 1.445 Thread 0x00007f16b0199800 Uncommon trap: reason=class_check action=maybe_recompile pc=0x00007f16ad0780f4 method=com.android.dx.ssa.NormalSsaInsn.accept(Lcom/android/dx/ssa/SsaInsn$Visitor;)V @ 9
Event: 1.454 Thread 0x00007f16b0193800 Uncommon trap: reason=null_check action=make_not_entrant pc=0x00007f16ad07af44 method=com.android.dx.rop.code.LocalItem.equals(Ljava/lang/Object;)Z @ 1
Event: 1.475 Thread 0x00007f16b000a800 Uncommon trap: reason=class_check action=maybe_recompile pc=0x00007f16ad0780f4 method=com.android.dx.ssa.NormalSsaInsn.accept(Lcom/android/dx/ssa/SsaInsn$Visitor;)V @ 9
Event: 2.909 Thread 0x00007f16b018f000 Uncommon trap: reason=unloaded action=reinterpret pc=0x00007f16ad082adc method=com.android.dx.ssa.SsaRenamer$BlockRenamer.visitMoveInsn(Lcom/android/dx/ssa/NormalSsaInsn;)V @ 208
Event: 2.921 Thread 0x00007f16b018f000 Uncommon trap: reason=unstable_if action=reinterpret pc=0x00007f16ad0a2414 method=com.android.dx.ssa.NormalSsaInsn.getLocalAssignment()Lcom/android/dx/rop/code/RegisterSpec; @ 12
Event: 2.921 Thread 0x00007f16b018f000 Uncommon trap: reason=unstable_if action=reinterpret pc=0x00007f16ad092754 method=com.android.dx.ssa.NormalSsaInsn.getLocalAssignment()Lcom/android/dx/rop/code/RegisterSpec; @ 12
Event: 2.921 Thread 0x00007f16b018f000 Uncommon trap: reason=unstable_if action=reinterpret pc=0x00007f16ad09b0c0 method=com.android.dx.ssa.NormalSsaInsn.getLocalAssignment()Lcom/android/dx/rop/code/RegisterSpec; @ 12

Internal exceptions (10 events):
Event: 1.107 Thread 0x00007f16b018f000 Threw 0x00000000eb23fd08 at /build/openjdk-7-zaTxYK/openjdk-7-7u91-2.6.3/build/openjdk/hotspot/src/share/vm/prims/jvm.cpp:1322
Event: 1.111 Thread 0x00007f16b018f000 Threw 0x00000000eb246090 at /build/openjdk-7-zaTxYK/openjdk-7-7u91-2.6.3/build/openjdk/hotspot/src/share/vm/prims/jvm.cpp:1322
Event: 1.119 Thread 0x00007f16b0193800 Threw 0x00000000eb1de508 at /build/openjdk-7-zaTxYK/openjdk-7-7u91-2.6.3/build/openjdk/hotspot/src/share/vm/prims/jvm.cpp:1322
Event: 1.379 Thread 0x00007f16b000a800 Threw 0x00000000eb599f58 at /build/openjdk-7-zaTxYK/openjdk-7-7u91-2.6.3/build/openjdk/hotspot/src/share/vm/prims/jvm.cpp:1322
Event: 1.428 Thread 0x00007f16b000a800 Threw 0x00000000eb6fbdf8 at /build/openjdk-7-zaTxYK/openjdk-7-7u91-2.6.3/build/openjdk/hotspot/src/share/vm/prims/jvm.cpp:1322
Event: 1.429 Thread 0x00007f16b000a800 Threw 0x00000000eb7066a0 at /build/openjdk-7-zaTxYK/openjdk-7-7u91-2.6.3/build/openjdk/hotspot/src/share/vm/prims/jvm.cpp:1322
Event: 1.430 Thread 0x00007f16b000a800 Threw 0x00000000eb709208 at /build/openjdk-7-zaTxYK/openjdk-7-7u91-2.6.3/build/openjdk/hotspot/src/share/vm/prims/jvm.cpp:1322
Event: 1.454 Thread 0x00007f16b0193800 Implicit null exception at 0x00007f16ad07ad55 to 0x00007f16ad07af2d
Event: 1.768 Thread 0x00007f16b0199800 Threw 0x00000000eb8b5e78 at /build/openjdk-7-zaTxYK/openjdk-7-7u91-2.6.3/build/openjdk/hotspot/src/share/vm/prims/jvm.cpp:1322
Event: 2.580 Thread 0x00007f16b0199800 Threw 0x00000000eb08de78 at /build/openjdk-7-zaTxYK/openjdk-7-7u91-2.6.3/build/openjdk/hotspot/src/share/vm/prims/jvm.cpp:1322

Events (10 events):
Event: 2.921 Thread 0x00007f16b018f000 DEOPT PACKING pc=0x00007f16ad092754 sp=0x00007f16a399cfa0
Event: 2.921 Thread 0x00007f16b018f000 DEOPT UNPACKING pc=0x00007f16ad039445 sp=0x00007f16a399ce90 mode 2
Event: 2.921 Thread 0x00007f16b018f000 Uncommon trap: trap_request=0xffffff75 fr.pc=0x00007f16ad09b0c0
Event: 2.921 Thread 0x00007f16b018f000 DEOPT PACKING pc=0x00007f16ad09b0c0 sp=0x00007f16a399cee0
Event: 2.921 Thread 0x00007f16b018f000 DEOPT UNPACKING pc=0x00007f16ad039445 sp=0x00007f16a399ce90 mode 2
Event: 3.168 Executing VM operation: ParallelGCFailedAllocation
Event: 3.255 Executing VM operation: ParallelGCFailedAllocation done
Event: 4.354 Executing VM operation: EnableBiasedLocking
Event: 4.360 Executing VM operation: EnableBiasedLocking done
Event: 4.855 Executing VM operation: ParallelGCFailedAllocation


Dynamic libraries:
00400000-00401000 r-xp 00000000 fc:00 13500716                           /usr/lib/jvm/java-7-openjdk-amd64/jre/bin/java
00600000-00601000 r--p 00000000 fc:00 13500716                           /usr/lib/jvm/java-7-openjdk-amd64/jre/bin/java
00601000-00602000 rw-p 00001000 fc:00 13500716                           /usr/lib/jvm/java-7-openjdk-amd64/jre/bin/java
01b98000-01bb9000 rw-p 00000000 00:00 0                                  [heap]
b5a00000-b6f00000 rw-p 00000000 00:00 0 
b6f00000-c0000000 rw-p 00000000 00:00 0 
c0000000-c2880000 rw-p 00000000 00:00 0 
c2880000-eaa80000 rw-p 00000000 00:00 0 
eaa80000-ece80000 rw-p 00000000 00:00 0 
eed80000-100000000 rw-p 00000000 00:00 0 
7f165c000000-7f165c021000 rw-p 00000000 00:00 0 
7f165c021000-7f1660000000 ---p 00000000 00:00 0 
7f1664000000-7f1664021000 rw-p 00000000 00:00 0 
7f1664021000-7f1668000000 ---p 00000000 00:00 0 
7f1668000000-7f1668030000 rw-p 00000000 00:00 0 
7f1668030000-7f166c000000 ---p 00000000 00:00 0 
7f166c000000-7f166c021000 rw-p 00000000 00:00 0 
7f166c021000-7f1670000000 ---p 00000000 00:00 0 
7f1670000000-7f1670038000 rw-p 00000000 00:00 0 
7f1670038000-7f1674000000 ---p 00000000 00:00 0 
7f1674000000-7f1674021000 rw-p 00000000 00:00 0 
7f1674021000-7f1678000000 ---p 00000000 00:00 0 
7f1678000000-7f1678021000 rw-p 00000000 00:00 0 
7f1678021000-7f167c000000 ---p 00000000 00:00 0 
7f167c000000-7f167cabb000 rw-p 00000000 00:00 0 
7f167cabb000-7f1680000000 ---p 00000000 00:00 0 
7f1680000000-7f16808da000 rw-p 00000000 00:00 0 
7f16808da000-7f1684000000 ---p 00000000 00:00 0 
7f1684000000-7f1684021000 rw-p 00000000 00:00 0 
7f1684021000-7f1688000000 ---p 00000000 00:00 0 
7f1688000000-7f1688021000 rw-p 00000000 00:00 0 
7f1688021000-7f168c000000 ---p 00000000 00:00 0 
7f168c000000-7f168c0e1000 rw-p 00000000 00:00 0 
7f168c0e1000-7f1690000000 ---p 00000000 00:00 0 
7f1690000000-7f1690021000 rw-p 00000000 00:00 0 
7f1690021000-7f1694000000 ---p 00000000 00:00 0 
7f1694000000-7f1694021000 rw-p 00000000 00:00 0 
7f1694021000-7f1698000000 ---p 00000000 00:00 0 
7f1698000000-7f1698021000 rw-p 00000000 00:00 0 
7f1698021000-7f169c000000 ---p 00000000 00:00 0 
7f169c000000-7f169c021000 rw-p 00000000 00:00 0 
7f169c021000-7f16a0000000 ---p 00000000 00:00 0 
7f16a3339000-7f16a349a000 rw-p 00000000 00:00 0 
7f16a349a000-7f16a349d000 ---p 00000000 00:00 0 
7f16a349d000-7f16a359b000 rw-p 00000000 00:00 0                          [stack:12774]
7f16a359b000-7f16a359e000 ---p 00000000 00:00 0 
7f16a359e000-7f16a369c000 rw-p 00000000 00:00 0                          [stack:12773]
7f16a369c000-7f16a369f000 ---p 00000000 00:00 0 
7f16a369f000-7f16a379d000 rw-p 00000000 00:00 0                          [stack:12765]
7f16a379d000-7f16a37a0000 ---p 00000000 00:00 0 
7f16a37a0000-7f16a389e000 rw-p 00000000 00:00 0                          [stack:12763]
7f16a389e000-7f16a38a1000 ---p 00000000 00:00 0 
7f16a38a1000-7f16a399f000 rw-p 00000000 00:00 0                          [stack:12761]
7f16a399f000-7f16a39dc000 r-xp 00000000 fc:00 50856417                   /lib/x86_64-linux-gnu/libpcre.so.3.13.1
7f16a39dc000-7f16a3bdb000 ---p 0003d000 fc:00 50856417                   /lib/x86_64-linux-gnu/libpcre.so.3.13.1
7f16a3bdb000-7f16a3bdc000 r--p 0003c000 fc:00 50856417                   /lib/x86_64-linux-gnu/libpcre.so.3.13.1
7f16a3bdc000-7f16a3bdd000 rw-p 0003d000 fc:00 50856417                   /lib/x86_64-linux-gnu/libpcre.so.3.13.1
7f16a3bdd000-7f16a3be4000 r-xp 00000000 fc:00 9180596                    /usr/lib/x86_64-linux-gnu/libffi.so.6.0.1
7f16a3be4000-7f16a3de3000 ---p 00007000 fc:00 9180596                    /usr/lib/x86_64-linux-gnu/libffi.so.6.0.1
7f16a3de3000-7f16a3de4000 r--p 00006000 fc:00 9180596                    /usr/lib/x86_64-linux-gnu/libffi.so.6.0.1
7f16a3de4000-7f16a3de5000 rw-p 00007000 fc:00 9180596                    /usr/lib/x86_64-linux-gnu/libffi.so.6.0.1
7f16a3de5000-7f16a3dfc000 r-xp 00000000 fc:00 50856425                   /lib/x86_64-linux-gnu/libresolv-2.19.so
7f16a3dfc000-7f16a3ffc000 ---p 00017000 fc:00 50856425                   /lib/x86_64-linux-gnu/libresolv-2.19.so
7f16a3ffc000-7f16a3ffd000 r--p 00017000 fc:00 50856425                   /lib/x86_64-linux-gnu/libresolv-2.19.so
7f16a3ffd000-7f16a3ffe000 rw-p 00018000 fc:00 50856425                   /lib/x86_64-linux-gnu/libresolv-2.19.so
7f16a3ffe000-7f16a4000000 rw-p 00000000 00:00 0 
7f16a4000000-7f16a4021000 rw-p 00000000 00:00 0 
7f16a4021000-7f16a8000000 ---p 00000000 00:00 0 
7f16a802c000-7f16a805d000 rw-p 00000000 00:00 0 
7f16a805d000-7f16a807d000 r-xp 00000000 fc:00 50860031                   /lib/x86_64-linux-gnu/libselinux.so.1
7f16a807d000-7f16a827c000 ---p 00020000 fc:00 50860031                   /lib/x86_64-linux-gnu/libselinux.so.1
7f16a827c000-7f16a827d000 r--p 0001f000 fc:00 50860031                   /lib/x86_64-linux-gnu/libselinux.so.1
7f16a827d000-7f16a827e000 rw-p 00020000 fc:00 50860031                   /lib/x86_64-linux-gnu/libselinux.so.1
7f16a827e000-7f16a8280000 rw-p 00000000 00:00 0 
7f16a8280000-7f16a8283000 r-xp 00000000 fc:00 9175404                    /usr/lib/x86_64-linux-gnu/libgmodule-2.0.so.0.4002.0
7f16a8283000-7f16a8482000 ---p 00003000 fc:00 9175404                    /usr/lib/x86_64-linux-gnu/libgmodule-2.0.so.0.4002.0
7f16a8482000-7f16a8483000 r--p 00002000 fc:00 9175404                    /usr/lib/x86_64-linux-gnu/libgmodule-2.0.so.0.4002.0
7f16a8483000-7f16a8484000 rw-p 00003000 fc:00 9175404                    /usr/lib/x86_64-linux-gnu/libgmodule-2.0.so.0.4002.0
7f16a8484000-7f16a858a000 r-xp 00000000 fc:00 50859846                   /lib/x86_64-linux-gnu/libglib-2.0.so.0.4002.0
7f16a858a000-7f16a8789000 ---p 00106000 fc:00 50859846                   /lib/x86_64-linux-gnu/libglib-2.0.so.0.4002.0
7f16a8789000-7f16a878a000 r--p 00105000 fc:00 50859846                   /lib/x86_64-linux-gnu/libglib-2.0.so.0.4002.0
7f16a878a000-7f16a878b000 rw-p 00106000 fc:00 50859846                   /lib/x86_64-linux-gnu/libglib-2.0.so.0.4002.0
7f16a878b000-7f16a878c000 rw-p 00000000 00:00 0 
7f16a878c000-7f16a87db000 r-xp 00000000 fc:00 9175422                    /usr/lib/x86_64-linux-gnu/libgobject-2.0.so.0.4002.0
7f16a87db000-7f16a89db000 ---p 0004f000 fc:00 9175422                    /usr/lib/x86_64-linux-gnu/libgobject-2.0.so.0.4002.0
7f16a89db000-7f16a89dc000 r--p 0004f000 fc:00 9175422                    /usr/lib/x86_64-linux-gnu/libgobject-2.0.so.0.4002.0
7f16a89dc000-7f16a89dd000 rw-p 00050000 fc:00 9175422                    /usr/lib/x86_64-linux-gnu/libgobject-2.0.so.0.4002.0
7f16a89dd000-7f16a8b49000 r-xp 00000000 fc:00 9175426                    /usr/lib/x86_64-linux-gnu/libgio-2.0.so.0.4002.0
7f16a8b49000-7f16a8d48000 ---p 0016c000 fc:00 9175426                    /usr/lib/x86_64-linux-gnu/libgio-2.0.so.0.4002.0
7f16a8d48000-7f16a8d4c000 r--p 0016b000 fc:00 9175426                    /usr/lib/x86_64-linux-gnu/libgio-2.0.so.0.4002.0
7f16a8d4c000-7f16a8d4e000 rw-p 0016f000 fc:00 9175426                    /usr/lib/x86_64-linux-gnu/libgio-2.0.so.0.4002.0
7f16a8d4e000-7f16a8d50000 rw-p 00000000 00:00 0 
7f16a8d70000-7f16a8d87000 r-xp 00000000 fc:00 13500794                   /usr/lib/jvm/java-7-openjdk-amd64/jre/lib/amd64/libnet.so
7f16a8d87000-7f16a8f86000 ---p 00017000 fc:00 13500794                   /usr/lib/jvm/java-7-openjdk-amd64/jre/lib/amd64/libnet.so
7f16a8f86000-7f16a8f87000 r--p 00016000 fc:00 13500794                   /usr/lib/jvm/java-7-openjdk-amd64/jre/lib/amd64/libnet.so
7f16a8f87000-7f16a8f88000 rw-p 00017000 fc:00 13500794                   /usr/lib/jvm/java-7-openjdk-amd64/jre/lib/amd64/libnet.so
7f16a8f88000-7f16a8f98000 r-xp 00000000 fc:00 13500759                   /usr/lib/jvm/java-7-openjdk-amd64/jre/lib/amd64/libnio.so
7f16a8f98000-7f16a9198000 ---p 00010000 fc:00 13500759                   /usr/lib/jvm/java-7-openjdk-amd64/jre/lib/amd64/libnio.so
7f16a9198000-7f16a9199000 r--p 00010000 fc:00 13500759                   /usr/lib/jvm/java-7-openjdk-amd64/jre/lib/amd64/libnio.so
7f16a9199000-7f16a919a000 rw-p 00011000 fc:00 13500759                   /usr/lib/jvm/java-7-openjdk-amd64/jre/lib/amd64/libnio.so
7f16a919a000-7f16a919b000 ---p 00000000 00:00 0 
7f16a919b000-7f16a929b000 rw-p 00000000 00:00 0                          [stack:12757]
7f16a929b000-7f16a929e000 ---p 00000000 00:00 0 
7f16a929e000-7f16a939c000 rw-p 00000000 00:00 0                          [stack:12756]
7f16a939c000-7f16a939f000 ---p 00000000 00:00 0 
7f16a939f000-7f16a949d000 rw-p 00000000 00:00 0                          [stack:12753]
7f16a949d000-7f16a94a0000 ---p 00000000 00:00 0 
7f16a94a0000-7f16a959e000 rw-p 00000000 00:00 0                          [stack:12752]
7f16a959e000-7f16a95a1000 ---p 00000000 00:00 0 
7f16a95a1000-7f16a969f000 rw-p 00000000 00:00 0                          [stack:12744]
7f16a969f000-7f16a9d81000 r--p 00000000 fc:00 9181700                    /usr/lib/locale/locale-archive
7f16a9d81000-7f16a9d84000 ---p 00000000 00:00 0 
7f16a9d84000-7f16a9e82000 rw-p 00000000 00:00 0                          [stack:12729]
7f16a9e82000-7f16a9e85000 ---p 00000000 00:00 0 
7f16a9e85000-7f16a9f83000 rw-p 00000000 00:00 0                          [stack:12728]
7f16a9f83000-7f16a9f84000 ---p 00000000 00:00 0 
7f16a9f84000-7f16ad000000 rw-p 00000000 00:00 0                          [stack:12726]
7f16ad000000-7f16ad270000 rwxp 00000000 00:00 0 
7f16ad270000-7f16b01c4000 rw-p 00000000 00:00 0 
7f16b01c4000-7f16b4000000 ---p 00000000 00:00 0 
7f16b4005000-7f16b45b6000 rw-p 00000000 00:00 0 
7f16b45b6000-7f16b4768000 r--s 01d2e000 fc:00 13500744                   /usr/lib/jvm/java-7-openjdk-amd64/jre/lib/rt.jar
7f16b4768000-7f16b4acc000 rw-p 00000000 00:00 0 
7f16b4acc000-7f16b4acd000 ---p 00000000 00:00 0 
7f16b4acd000-7f16b4bcd000 rw-p 00000000 00:00 0                          [stack:12718]
7f16b4bcd000-7f16b4bce000 ---p 00000000 00:00 0 
7f16b4bce000-7f16b4cce000 rw-p 00000000 00:00 0                          [stack:12715]
7f16b4cce000-7f16b4ccf000 ---p 00000000 00:00 0 
7f16b4ccf000-7f16b4dcf000 rw-p 00000000 00:00 0                          [stack:12714]
7f16b4dcf000-7f16b4dd0000 ---p 00000000 00:00 0 
7f16b4dd0000-7f16b4edb000 rw-p 00000000 00:00 0                          [stack:12711]
7f16b4edb000-7f16b4f23000 rw-p 00000000 00:00 0 
7f16b4f23000-7f16b4f38000 rw-p 00000000 00:00 0 
7f16b4f38000-7f16b5079000 rw-p 00000000 00:00 0 
7f16b5079000-7f16b5084000 rw-p 00000000 00:00 0 
7f16b5084000-7f16b50cc000 rw-p 00000000 00:00 0 
7f16b50cc000-7f16b50e1000 rw-p 00000000 00:00 0 
7f16b50e1000-7f16b5221000 rw-p 00000000 00:00 0 
7f16b5221000-7f16b5234000 rw-p 00000000 00:00 0 
7f16b5234000-7f16b52cc000 rw-p 00000000 00:00 0 
7f16b52cc000-7f16b52cd000 rw-p 00000000 00:00 0 
7f16b52cd000-7f16b52d5000 r-xp 00000000 fc:00 13500764                   /usr/lib/jvm/java-7-openjdk-amd64/jre/lib/amd64/libzip.so
7f16b52d5000-7f16b54d4000 ---p 00008000 fc:00 13500764                   /usr/lib/jvm/java-7-openjdk-amd64/jre/lib/amd64/libzip.so
7f16b54d4000-7f16b54d5000 r--p 00007000 fc:00 13500764                   /usr/lib/jvm/java-7-openjdk-amd64/jre/lib/amd64/libzip.so
7f16b54d5000-7f16b54d6000 rw-p 00008000 fc:00 13500764                   /usr/lib/jvm/java-7-openjdk-amd64/jre/lib/amd64/libzip.so
7f16b54d6000-7f16b54e1000 r-xp 00000000 fc:00 50856428                   /lib/x86_64-linux-gnu/libnss_files-2.19.so
7f16b54e1000-7f16b56e0000 ---p 0000b000 fc:00 50856428                   /lib/x86_64-linux-gnu/libnss_files-2.19.so
7f16b56e0000-7f16b56e1000 r--p 0000a000 fc:00 50856428                   /lib/x86_64-linux-gnu/libnss_files-2.19.so
7f16b56e1000-7f16b56e2000 rw-p 0000b000 fc:00 50856428                   /lib/x86_64-linux-gnu/libnss_files-2.19.so
7f16b56e2000-7f16b56ed000 r-xp 00000000 fc:00 50856475                   /lib/x86_64-linux-gnu/libnss_nis-2.19.so
7f16b56ed000-7f16b58ec000 ---p 0000b000 fc:00 50856475                   /lib/x86_64-linux-gnu/libnss_nis-2.19.so
7f16b58ec000-7f16b58ed000 r--p 0000a000 fc:00 50856475                   /lib/x86_64-linux-gnu/libnss_nis-2.19.so
7f16b58ed000-7f16b58ee000 rw-p 0000b000 fc:00 50856475                   /lib/x86_64-linux-gnu/libnss_nis-2.19.so
7f16b58ee000-7f16b5905000 r-xp 00000000 fc:00 50856452                   /lib/x86_64-linux-gnu/libnsl-2.19.so
7f16b5905000-7f16b5b04000 ---p 00017000 fc:00 50856452                   /lib/x86_64-linux-gnu/libnsl-2.19.so
7f16b5b04000-7f16b5b05000 r--p 00016000 fc:00 50856452                   /lib/x86_64-linux-gnu/libnsl-2.19.so
7f16b5b05000-7f16b5b06000 rw-p 00017000 fc:00 50856452                   /lib/x86_64-linux-gnu/libnsl-2.19.so
7f16b5b06000-7f16b5b08000 rw-p 00000000 00:00 0 
7f16b5b08000-7f16b5b11000 r-xp 00000000 fc:00 50856450                   /lib/x86_64-linux-gnu/libnss_compat-2.19.so
7f16b5b11000-7f16b5d10000 ---p 00009000 fc:00 50856450                   /lib/x86_64-linux-gnu/libnss_compat-2.19.so
7f16b5d10000-7f16b5d11000 r--p 00008000 fc:00 50856450                   /lib/x86_64-linux-gnu/libnss_compat-2.19.so
7f16b5d11000-7f16b5d12000 rw-p 00009000 fc:00 50856450                   /lib/x86_64-linux-gnu/libnss_compat-2.19.so
7f16b5d12000-7f16b5d3d000 r-xp 00000000 fc:00 13500772                   /usr/lib/jvm/java-7-openjdk-amd64/jre/lib/amd64/libjava.so
7f16b5d3d000-7f16b5f3d000 ---p 0002b000 fc:00 13500772                   /usr/lib/jvm/java-7-openjdk-amd64/jre/lib/amd64/libjava.so
7f16b5f3d000-7f16b5f3e000 r--p 0002b000 fc:00 13500772                   /usr/lib/jvm/java-7-openjdk-amd64/jre/lib/amd64/libjava.so
7f16b5f3e000-7f16b5f40000 rw-p 0002c000 fc:00 13500772                   /usr/lib/jvm/java-7-openjdk-amd64/jre/lib/amd64/libjava.so
7f16b5f40000-7f16b5f50000 r-xp 00000000 fc:00 13500790                   /usr/lib/jvm/java-7-openjdk-amd64/jre/lib/amd64/libverify.so
7f16b5f50000-7f16b614f000 ---p 00010000 fc:00 13500790                   /usr/lib/jvm/java-7-openjdk-amd64/jre/lib/amd64/libverify.so
7f16b614f000-7f16b6151000 r--p 0000f000 fc:00 13500790                   /usr/lib/jvm/java-7-openjdk-amd64/jre/lib/amd64/libverify.so
7f16b6151000-7f16b6152000 rw-p 00011000 fc:00 13500790                   /usr/lib/jvm/java-7-openjdk-amd64/jre/lib/amd64/libverify.so
7f16b6152000-7f16b6159000 r-xp 00000000 fc:00 50856468                   /lib/x86_64-linux-gnu/librt-2.19.so
7f16b6159000-7f16b6358000 ---p 00007000 fc:00 50856468                   /lib/x86_64-linux-gnu/librt-2.19.so
7f16b6358000-7f16b6359000 r--p 00006000 fc:00 50856468                   /lib/x86_64-linux-gnu/librt-2.19.so
7f16b6359000-7f16b635a000 rw-p 00007000 fc:00 50856468                   /lib/x86_64-linux-gnu/librt-2.19.so
7f16b635a000-7f16b6370000 r-xp 00000000 fc:00 50859878                   /lib/x86_64-linux-gnu/libgcc_s.so.1
7f16b6370000-7f16b656f000 ---p 00016000 fc:00 50859878                   /lib/x86_64-linux-gnu/libgcc_s.so.1
7f16b656f000-7f16b6570000 rw-p 00015000 fc:00 50859878                   /lib/x86_64-linux-gnu/libgcc_s.so.1
7f16b6570000-7f16b6675000 r-xp 00000000 fc:00 50856427                   /lib/x86_64-linux-gnu/libm-2.19.so
7f16b6675000-7f16b6874000 ---p 00105000 fc:00 50856427                   /lib/x86_64-linux-gnu/libm-2.19.so
7f16b6874000-7f16b6875000 r--p 00104000 fc:00 50856427                   /lib/x86_64-linux-gnu/libm-2.19.so
7f16b6875000-7f16b6876000 rw-p 00105000 fc:00 50856427                   /lib/x86_64-linux-gnu/libm-2.19.so
7f16b6876000-7f16b695c000 r-xp 00000000 fc:00 9179299                    /usr/lib/x86_64-linux-gnu/libstdc++.so.6.0.19
7f16b695c000-7f16b6b5b000 ---p 000e6000 fc:00 9179299                    /usr/lib/x86_64-linux-gnu/libstdc++.so.6.0.19
7f16b6b5b000-7f16b6b63000 r--p 000e5000 fc:00 9179299                    /usr/lib/x86_64-linux-gnu/libstdc++.so.6.0.19
7f16b6b63000-7f16b6b65000 rw-p 000ed000 fc:00 9179299                    /usr/lib/x86_64-linux-gnu/libstdc++.so.6.0.19
7f16b6b65000-7f16b6b7a000 rw-p 00000000 00:00 0 
7f16b6b7a000-7f16b769e000 r-xp 00000000 fc:00 13500780                   /usr/lib/jvm/java-7-openjdk-amd64/jre/lib/amd64/server/libjvm.so
7f16b769e000-7f16b789e000 ---p 00b24000 fc:00 13500780                   /usr/lib/jvm/java-7-openjdk-amd64/jre/lib/amd64/server/libjvm.so
7f16b789e000-7f16b7938000 r--p 00b24000 fc:00 13500780                   /usr/lib/jvm/java-7-openjdk-amd64/jre/lib/amd64/server/libjvm.so
7f16b7938000-7f16b795b000 rw-p 00bbe000 fc:00 13500780                   /usr/lib/jvm/java-7-openjdk-amd64/jre/lib/amd64/server/libjvm.so
7f16b795b000-7f16b7989000 rw-p 00000000 00:00 0 
7f16b7989000-7f16b79a1000 r-xp 00000000 fc:00 50860064                   /lib/x86_64-linux-gnu/libz.so.1.2.8
7f16b79a1000-7f16b7ba0000 ---p 00018000 fc:00 50860064                   /lib/x86_64-linux-gnu/libz.so.1.2.8
7f16b7ba0000-7f16b7ba1000 r--p 00017000 fc:00 50860064                   /lib/x86_64-linux-gnu/libz.so.1.2.8
7f16b7ba1000-7f16b7ba2000 rw-p 00018000 fc:00 50860064                   /lib/x86_64-linux-gnu/libz.so.1.2.8
7f16b7ba2000-7f16b7bbb000 r-xp 00000000 fc:00 50856464                   /lib/x86_64-linux-gnu/libpthread-2.19.so
7f16b7bbb000-7f16b7dba000 ---p 00019000 fc:00 50856464                   /lib/x86_64-linux-gnu/libpthread-2.19.so
7f16b7dba000-7f16b7dbb000 r--p 00018000 fc:00 50856464                   /lib/x86_64-linux-gnu/libpthread-2.19.so
7f16b7dbb000-7f16b7dbc000 rw-p 00019000 fc:00 50856464                   /lib/x86_64-linux-gnu/libpthread-2.19.so
7f16b7dbc000-7f16b7dc0000 rw-p 00000000 00:00 0 
7f16b7dc0000-7f16b7dc3000 r-xp 00000000 fc:00 50856438                   /lib/x86_64-linux-gnu/libdl-2.19.so
7f16b7dc3000-7f16b7fc2000 ---p 00003000 fc:00 50856438                   /lib/x86_64-linux-gnu/libdl-2.19.so
7f16b7fc2000-7f16b7fc3000 r--p 00002000 fc:00 50856438                   /lib/x86_64-linux-gnu/libdl-2.19.so
7f16b7fc3000-7f16b7fc4000 rw-p 00003000 fc:00 50856438                   /lib/x86_64-linux-gnu/libdl-2.19.so
7f16b7fc4000-7f16b817f000 r-xp 00000000 fc:00 50856462                   /lib/x86_64-linux-gnu/libc-2.19.so
7f16b817f000-7f16b837e000 ---p 001bb000 fc:00 50856462                   /lib/x86_64-linux-gnu/libc-2.19.so
7f16b837e000-7f16b8382000 r--p 001ba000 fc:00 50856462                   /lib/x86_64-linux-gnu/libc-2.19.so
7f16b8382000-7f16b8384000 rw-p 001be000 fc:00 50856462                   /lib/x86_64-linux-gnu/libc-2.19.so
7f16b8384000-7f16b8389000 rw-p 00000000 00:00 0 
7f16b8389000-7f16b8396000 r-xp 00000000 fc:00 13500791                   /usr/lib/jvm/java-7-openjdk-amd64/jre/lib/amd64/jli/libjli.so
7f16b8396000-7f16b8595000 ---p 0000d000 fc:00 13500791                   /usr/lib/jvm/java-7-openjdk-amd64/jre/lib/amd64/jli/libjli.so
7f16b8595000-7f16b8596000 r--p 0000c000 fc:00 13500791                   /usr/lib/jvm/java-7-openjdk-amd64/jre/lib/amd64/jli/libjli.so
7f16b8596000-7f16b8597000 rw-p 0000d000 fc:00 13500791                   /usr/lib/jvm/java-7-openjdk-amd64/jre/lib/amd64/jli/libjli.so
7f16b8597000-7f16b85ba000 r-xp 00000000 fc:00 50856456                   /lib/x86_64-linux-gnu/ld-2.19.so
7f16b85bb000-7f16b85c2000 r--s 00035000 00:19 21627349                   /home/ben/git/DressMe/DressMe_Android/DressMe/build/intermediates/exploded-aar/com.google.android.gms/play-services-location/8.1.0/jars/classes.jar
7f16b85c2000-7f16b85d1000 r--s 000df000 00:19 15868815                   /home/ben/Android/Sdk/build-tools/23.0.1/lib/dx.jar
7f16b85d1000-7f16b85db000 rw-p 00000000 00:00 0 
7f16b85db000-7f16b8691000 rw-p 00000000 00:00 0 
7f16b8691000-7f16b8694000 ---p 00000000 00:00 0 
7f16b8694000-7f16b8797000 rw-p 00000000 00:00 0                          [stack:12706]
7f16b8798000-7f16b8799000 rw-p 00000000 00:00 0 
7f16b8799000-7f16b879c000 r--s 0000f000 fc:00 13500736                   /usr/lib/jvm/java-7-openjdk-amd64/jre/lib/ext/icedtea-sound.jar
7f16b879c000-7f16b87a0000 r--s 00034000 fc:00 13500738                   /usr/lib/jvm/java-7-openjdk-amd64/jre/lib/ext/sunjce_provider.jar
7f16b87a0000-7f16b87a2000 r--s 00006000 fc:00 9570533                    /usr/share/java/java-atk-wrapper.jar
7f16b87a2000-7f16b87a6000 r--s 00085000 fc:00 13500735                   /usr/lib/jvm/java-7-openjdk-amd64/jre/lib/ext/localedata.jar
7f16b87a6000-7f16b87a8000 r--s 00012000 fc:00 13500734                   /usr/lib/jvm/java-7-openjdk-amd64/jre/lib/ext/zipfs.jar
7f16b87a8000-7f16b87a9000 r--s 00002000 fc:00 13500740                   /usr/lib/jvm/java-7-openjdk-amd64/jre/lib/ext/dnsns.jar
7f16b87a9000-7f16b87ad000 r--s 0003c000 fc:00 13500739                   /usr/lib/jvm/java-7-openjdk-amd64/jre/lib/ext/sunpkcs11.jar
7f16b87ad000-7f16b87b5000 rw-s 00000000 fc:00 53477465                   /tmp/hsperfdata_ben/12681
7f16b87b5000-7f16b87b6000 rw-p 00000000 00:00 0 
7f16b87b6000-7f16b87b7000 ---p 00000000 00:00 0 
7f16b87b7000-7f16b87b9000 rw-p 00000000 00:00 0 
7f16b87b9000-7f16b87ba000 r--p 00022000 fc:00 50856456                   /lib/x86_64-linux-gnu/ld-2.19.so
7f16b87ba000-7f16b87bb000 rw-p 00023000 fc:00 50856456                   /lib/x86_64-linux-gnu/ld-2.19.so
7f16b87bb000-7f16b87bc000 rw-p 00000000 00:00 0 
7fff20ba9000-7fff20bca000 rw-p 00000000 00:00 0                          [stack]
7fff20be2000-7fff20be4000 r-xp 00000000 00:00 0                          [vdso]
ffffffffff600000-ffffffffff601000 r-xp 00000000 00:00 0                  [vsyscall]

VM Arguments:
jvm_args: -Xmx1024M -Dfile.encoding=UTF-8 -Duser.country=US -Duser.language=en -Duser.variant 
java_command: com.android.dx.command.Main --dex --num-threads=4 --output /home/ben/git/DressMe/DressMe_Android/DressMe/build/intermediates/pre-dexed/debug/classes-0e13b52c8f0c0ae21ba092e94fd58f6a30738f6d.jar /home/ben/git/DressMe/DressMe_Android/DressMe/build/intermediates/exploded-aar/com.google.android.gms/play-services-location/8.1.0/jars/classes.jar
Launcher Type: SUN_STANDARD

Environment Variables:
PATH=/usr/local/sbin:/usr/local/bin:/usr/sbin:/usr/bin:/sbin:/bin:/usr/games:/usr/local/games
LD_LIBRARY_PATH=.:
SHELL=/bin/bash
DISPLAY=:0

Signal Handlers:
SIGSEGV: [libjvm.so+0x9548f0], sa_mask[0]=0x7ffbfeff, sa_flags=0x10000004
SIGBUS: [libjvm.so+0x9548f0], sa_mask[0]=0x7ffbfeff, sa_flags=0x10000004
SIGFPE: [libjvm.so+0x7cb0b0], sa_mask[0]=0x7ffbfeff, sa_flags=0x10000004
SIGPIPE: [libjvm.so+0x7cb0b0], sa_mask[0]=0x7ffbfeff, sa_flags=0x10000004
SIGXFSZ: [libjvm.so+0x7cb0b0], sa_mask[0]=0x7ffbfeff, sa_flags=0x10000004
SIGILL: [libjvm.so+0x7cb0b0], sa_mask[0]=0x7ffbfeff, sa_flags=0x10000004
SIGUSR1: SIG_DFL, sa_mask[0]=0x00000000, sa_flags=0x00000000
SIGUSR2: [libjvm.so+0x7caf50], sa_mask[0]=0x00000004, sa_flags=0x10000004
SIGHUP: [libjvm.so+0x7cb130], sa_mask[0]=0x7ffbfeff, sa_flags=0x10000004
SIGINT: [libjvm.so+0x7cb130], sa_mask[0]=0x7ffbfeff, sa_flags=0x10000004
SIGTERM: [libjvm.so+0x7cb130], sa_mask[0]=0x7ffbfeff, sa_flags=0x10000004
SIGQUIT: [libjvm.so+0x7cb130], sa_mask[0]=0x7ffbfeff, sa_flags=0x10000004
SIGTRAP: SIG_DFL, sa_mask[0]=0x00000000, sa_flags=0x00000000


---------------  S Y S T E M  ---------------

OS:Ubuntu 14.04 (trusty)
uname:Linux 3.13.0-48-generic #80-Ubuntu SMP Thu Mar 12 11:16:15 UTC 2015 x86_64
libc:glibc 2.19 NPTL 2.19 
rlimit: STACK 8192k, CORE 0k, NPROC 31008, NOFILE 4096, AS infinity
load average:5.76 2.21 2.09

/proc/meminfo:
MemTotal:        3999664 kB
MemFree:         1251176 kB
Buffers:            3248 kB
Cached:           137188 kB
SwapCached:            0 kB
Active:          2430516 kB
Inactive:         133804 kB
Active(anon):    2426008 kB
Inactive(anon):    67936 kB
Active(file):       4508 kB
Inactive(file):    65868 kB
Unevictable:          32 kB
Mlocked:              32 kB
SwapTotal:             0 kB
SwapFree:              0 kB
Dirty:              3020 kB
Writeback:             0 kB
AnonPages:       2424300 kB
Mapped:            83668 kB
Shmem:             69564 kB
Slab:              84296 kB
SReclaimable:      30092 kB
SUnreclaim:        54204 kB
KernelStack:        6008 kB
PageTables:        36756 kB
NFS_Unstable:          0 kB
Bounce:                0 kB
WritebackTmp:          0 kB
CommitLimit:     1999832 kB
Committed_AS:    6756532 kB
VmallocTotal:   34359738367 kB
VmallocUsed:       93252 kB
VmallocChunk:   34359611900 kB
HardwareCorrupted:     0 kB
AnonHugePages:    888832 kB
HugePages_Total:       0
HugePages_Free:        0
HugePages_Rsvd:        0
HugePages_Surp:        0
Hugepagesize:       2048 kB
DirectMap4k:       84724 kB
DirectMap2M:     4061184 kB


CPU:total 4 (2 cores per cpu, 2 threads per core) family 6 model 58 stepping 9, cmov, cx8, fxsr, mmx, sse, sse2, sse3, ssse3, sse4.1, sse4.2, popcnt, avx, erms, ht, tsc, tscinvbit, tscinv

/proc/cpuinfo:
processor	: 0
vendor_id	: GenuineIntel
cpu family	: 6
model		: 58
model name	: Intel(R) Core(TM) i3-3220 CPU @ 3.30GHz
stepping	: 9
microcode	: 0x12
cpu MHz		: 3300.000
cache size	: 3072 KB
physical id	: 0
siblings	: 4
core id		: 0
cpu cores	: 2
apicid		: 0
initial apicid	: 0
fpu		: yes
fpu_exception	: yes
cpuid level	: 13
wp		: yes
flags		: fpu vme de pse tsc msr pae mce cx8 apic sep mtrr pge mca cmov pat pse36 clflush dts acpi mmx fxsr sse sse2 ss ht tm pbe syscall nx rdtscp lm constant_tsc arch_perfmon pebs bts rep_good nopl xtopology nonstop_tsc aperfmperf eagerfpu pni pclmulqdq dtes64 monitor ds_cpl vmx est tm2 ssse3 cx16 xtpr pdcm pcid sse4_1 sse4_2 popcnt tsc_deadline_timer xsave avx f16c lahf_lm arat epb xsaveopt pln pts dtherm tpr_shadow vnmi flexpriority ept vpid fsgsbase smep erms
bogomips	: 6584.90
clflush size	: 64
cache_alignment	: 64
address sizes	: 36 bits physical, 48 bits virtual
power management:

processor	: 1
vendor_id	: GenuineIntel
cpu family	: 6
model		: 58
model name	: Intel(R) Core(TM) i3-3220 CPU @ 3.30GHz
stepping	: 9
microcode	: 0x12
cpu MHz		: 3300.000
cache size	: 3072 KB
physical id	: 0
siblings	: 4
core id		: 1
cpu cores	: 2
apicid		: 2
initial apicid	: 2
fpu		: yes
fpu_exception	: yes
cpuid level	: 13
wp		: yes
flags		: fpu vme de pse tsc msr pae mce cx8 apic sep mtrr pge mca cmov pat pse36 clflush dts acpi mmx fxsr sse sse2 ss ht tm pbe syscall nx rdtscp lm constant_tsc arch_perfmon pebs bts rep_good nopl xtopology nonstop_tsc aperfmperf eagerfpu pni pclmulqdq dtes64 monitor ds_cpl vmx est tm2 ssse3 cx16 xtpr pdcm pcid sse4_1 sse4_2 popcnt tsc_deadline_timer xsave avx f16c lahf_lm arat epb xsaveopt pln pts dtherm tpr_shadow vnmi flexpriority ept vpid fsgsbase smep erms
bogomips	: 6584.90
clflush size	: 64
cache_alignment	: 64
address sizes	: 36 bits physical, 48 bits virtual
power management:

processor	: 2
vendor_id	: GenuineIntel
cpu family	: 6
model		: 58
model name	: Intel(R) Core(TM) i3-3220 CPU @ 3.30GHz
stepping	: 9
microcode	: 0x12
cpu MHz		: 3300.000
cache size	: 3072 KB
physical id	: 0
siblings	: 4
core id		: 0
cpu cores	: 2
apicid		: 1
initial apicid	: 1
fpu		: yes
fpu_exception	: yes
cpuid level	: 13
wp		: yes
flags		: fpu vme de pse tsc msr pae mce cx8 apic sep mtrr pge mca cmov pat pse36 clflush dts acpi mmx fxsr sse sse2 ss ht tm pbe syscall nx rdtscp lm constant_tsc arch_perfmon pebs bts rep_good nopl xtopology nonstop_tsc aperfmperf eagerfpu pni pclmulqdq dtes64 monitor ds_cpl vmx est tm2 ssse3 cx16 xtpr pdcm pcid sse4_1 sse4_2 popcnt tsc_deadline_timer xsave avx f16c lahf_lm arat epb xsaveopt pln pts dtherm tpr_shadow vnmi flexpriority ept vpid fsgsbase smep erms
bogomips	: 6584.90
clflush size	: 64
cache_alignment	: 64
address sizes	: 36 bits physical, 48 bits virtual
power management:

processor	: 3
vendor_id	: GenuineIntel
cpu family	: 6
model		: 58
model name	: Intel(R) Core(TM) i3-3220 CPU @ 3.30GHz
stepping	: 9
microcode	: 0x12
cpu MHz		: 3300.000
cache size	: 3072 KB
physical id	: 0
siblings	: 4
core id		: 1
cpu cores	: 2
apicid		: 3
initial apicid	: 3
fpu		: yes
fpu_exception	: yes
cpuid level	: 13
wp		: yes
flags		: fpu vme de pse tsc msr pae mce cx8 apic sep mtrr pge mca cmov pat pse36 clflush dts acpi mmx fxsr sse sse2 ss ht tm pbe syscall nx rdtscp lm constant_tsc arch_perfmon pebs bts rep_good nopl xtopology nonstop_tsc aperfmperf eagerfpu pni pclmulqdq dtes64 monitor ds_cpl vmx est tm2 ssse3 cx16 xtpr pdcm pcid sse4_1 sse4_2 popcnt tsc_deadline_timer xsave avx f16c lahf_lm arat epb xsaveopt pln pts dtherm tpr_shadow vnmi flexpriority ept vpid fsgsbase smep erms
bogomips	: 6584.90
clflush size	: 64
cache_alignment	: 64
address sizes	: 36 bits physical, 48 bits virtual
power management:



Memory: 4k page, physical 3999664k(1250928k free), swap 0k(0k free)

vm_info: OpenJDK 64-Bit Server VM (24.91-b01) for linux-amd64 JRE (1.7.0_91-b02), built on Nov 19 2015 06:14:37 by "buildd" with gcc 4.8.2

time: Tue Dec  8 04:49:18 2015
elapsed time: 11 seconds

