#
# There is insufficient memory for the Java Runtime Environment to continue.
# Native memory allocation (malloc) failed to allocate 32505856 bytes for committing reserved memory.
# Possible reasons:
#   The system is out of physical RAM or swap space
#   In 32 bit mode, the process size limit was hit
# Possible solutions:
#   Reduce memory load on the system
#   Increase physical memory or swap space
#   Check if swap backing store is full
#   Use 64 bit Java on a 64 bit OS
#   Decrease Java heap size (-Xmx/-Xms)
#   Decrease number of Java threads
#   Decrease Java thread stack sizes (-Xss)
#   Set larger code cache with -XX:ReservedCodeCacheSize=
# This output file may be truncated or incomplete.
#
#  Out of Memory Error (os_linux.cpp:2827), pid=12701, tid=140059166619392
#
# JRE version: OpenJDK Runtime Environment (7.0_91-b02) (build 1.7.0_91-b02)
# Java VM: OpenJDK 64-Bit Server VM (24.91-b01 mixed mode linux-amd64 compressed oops)
# Derivative: IcedTea 2.6.3
# Distribution: Ubuntu 14.04 LTS, package 7u91-2.6.3-0ubuntu0.14.04.1
# Failed to write core dump. Core dumps have been disabled. To enable core dumping, try "ulimit -c unlimited" before starting Java again
#

---------------  T H R E A D  ---------------

Current thread (0x00007f6218075800):  VMThread [stack: 0x00007f6210cfb000,0x00007f6210dfc000] [id=12727]

Stack: [0x00007f6210cfb000,0x00007f6210dfc000],  sp=0x00007f6210dfa490,  free space=1021k
Native frames: (J=compiled Java code, j=interpreted, Vv=VM code, C=native code)
V  [libjvm.so+0x953e15]  VMError::report_and_die()+0x175
V  [libjvm.so+0x48fd94]  report_vm_out_of_memory(char const*, int, unsigned long, char const*)+0x74
V  [libjvm.so+0x7cf87b]  os::pd_commit_memory(char*, unsigned long, unsigned long, bool)+0xeb
V  [libjvm.so+0x7ca33f]  os::commit_memory(char*, unsigned long, unsigned long, bool)+0x1f
V  [libjvm.so+0x83dacb]  PSVirtualSpace::expand_by(unsigned long)+0x5b
V  [libjvm.so+0x83e930]  PSYoungGen::resize_generation(unsigned long, unsigned long)+0xb0
V  [libjvm.so+0x83f01b]  PSYoungGen::resize(unsigned long, unsigned long)+0x1b
V  [libjvm.so+0x83b258]  PSScavenge::invoke_no_policy()+0xd68
V  [libjvm.so+0x83bac8]  PSScavenge::invoke()+0x38
V  [libjvm.so+0x7f2083]  ParallelScavengeHeap::failed_mem_allocate(unsigned long)+0x63
V  [libjvm.so+0x955814]  VM_ParallelGCFailedAllocation::doit()+0x84
V  [libjvm.so+0x959917]  VM_Operation::evaluate()+0x47
V  [libjvm.so+0x9583d8]  VMThread::evaluate_operation(VM_Operation*)+0x318
V  [libjvm.so+0x958839]  VMThread::loop()+0x219
V  [libjvm.so+0x958c82]  VMThread::run()+0x72
V  [libjvm.so+0x7cc742]  java_start(Thread*)+0xf2

VM_Operation (0x00007f61e652c010): ParallelGCFailedAllocation, mode: safepoint, requested by thread 0x00007f621819d800


---------------  P R O C E S S  ---------------

Java Threads: ( => current thread )
  0x00007f62181ab000 JavaThread "pool-1-thread-4" [_thread_blocked, id=12776, stack(0x00007f61e622b000,0x00007f61e632c000)]
  0x00007f62181aa000 JavaThread "pool-1-thread-3" [_thread_blocked, id=12772, stack(0x00007f61e632c000,0x00007f61e642d000)]
  0x00007f621819d800 JavaThread "pool-1-thread-2" [_thread_blocked, id=12771, stack(0x00007f61e642d000,0x00007f61e652e000)]
  0x00007f621819d000 JavaThread "pool-2-thread-1" [_thread_blocked, id=12762, stack(0x00007f61e652e000,0x00007f61e662f000)]
  0x00007f6218198800 JavaThread "pool-1-thread-1" [_thread_blocked, id=12760, stack(0x00007f61e662f000,0x00007f61e6730000)]
  0x00007f62180b0800 JavaThread "Service Thread" daemon [_thread_blocked, id=12747, stack(0x00007f6210013000,0x00007f6210114000)]
  0x00007f62180ae800 JavaThread "C2 CompilerThread1" daemon [_thread_blocked, id=12746, stack(0x00007f6210114000,0x00007f6210215000)]
  0x00007f62180ab800 JavaThread "C2 CompilerThread0" daemon [_thread_blocked, id=12745, stack(0x00007f6210215000,0x00007f6210316000)]
  0x00007f62180a9000 JavaThread "Signal Dispatcher" daemon [_thread_blocked, id=12742, stack(0x00007f6210316000,0x00007f6210417000)]
  0x00007f621807c000 JavaThread "Finalizer" daemon [_thread_blocked, id=12733, stack(0x00007f6210af9000,0x00007f6210bfa000)]
  0x00007f621807a000 JavaThread "Reference Handler" daemon [_thread_blocked, id=12731, stack(0x00007f6210bfa000,0x00007f6210cfb000)]
  0x00007f621800a800 JavaThread "main" [_thread_blocked, id=12707, stack(0x00007f621f406000,0x00007f621f507000)]

Other Threads:
=>0x00007f6218075800 VMThread [stack: 0x00007f6210cfb000,0x00007f6210dfc000] [id=12727]
  0x00007f62180bb800 WatcherThread [stack: 0x00007f61e7eff000,0x00007f61e8000000] [id=12748]

VM state:at safepoint (normal execution)

VM Mutex/Monitor currently owned by a thread:  ([mutex/lock_event])
[0x00007f6218006930] Threads_lock - owner thread: 0x00007f6218075800
[0x00007f6218006e30] Heap_lock - owner thread: 0x00007f621819d800

Heap
 PSYoungGen      total 34304K, used 2560K [0x00000000eaa80000, 0x00000000ece80000, 0x0000000100000000)
  eden space 31744K, 0% used [0x00000000eaa80000,0x00000000eaa80000,0x00000000ec980000)
  from space 2560K, 100% used [0x00000000ec980000,0x00000000ecc00000,0x00000000ecc00000)
  to   space 2560K, 0% used [0x00000000ecc00000,0x00000000ecc00000,0x00000000ece80000)
 ParOldGen       total 41472K, used 7645K [0x00000000c0000000, 0x00000000c2880000, 0x00000000eaa80000)
  object space 41472K, 18% used [0x00000000c0000000,0x00000000c07774f0,0x00000000c2880000)
 PSPermGen       total 21504K, used 6021K [0x00000000b5a00000, 0x00000000b6f00000, 0x00000000c0000000)
  object space 21504K, 28% used [0x00000000b5a00000,0x00000000b5fe1678,0x00000000b6f00000)

Card table byte_map: [0x00007f6214dac000,0x00007f6215000000] byte_map_base: 0x00007f62147ff000

Polling page: 0x00007f621f52b000

Code Cache  [0x00007f6215000000, 0x00007f6215270000, 0x00007f6218000000)
 total_blobs=423 nmethods=192 adapters=184 free_code_cache=48346Kb largest_free_block=49465664

Compilation events (10 events):
Event: 3.726 Thread 0x00007f62180ab800 nmethod 187 0x00007f62150baad0 code [0x00007f62150bac20, 0x00007f62150bad38]
Event: 3.726 Thread 0x00007f62180ab800  188             com.android.dx.ssa.DeadCodeRemover::pruneDeadInstructions (246 bytes)
Event: 3.790 Thread 0x00007f62180ab800 nmethod 188 0x00007f62150bb850 code [0x00007f62150bba00, 0x00007f62150bc058]
Event: 3.790 Thread 0x00007f62180ab800  189             com.android.dx.util.IntList::mutableCopy (39 bytes)
Event: 3.847 Thread 0x00007f62180ab800 nmethod 189 0x00007f62150b9fd0 code [0x00007f62150ba140, 0x00007f62150ba738]
Event: 3.847 Thread 0x00007f62180ab800  190             com.android.dx.ssa.SCCP::simulateBranch (666 bytes)
Event: 4.670 Thread 0x00007f62180ab800 nmethod 190 0x00007f62150cb950 code [0x00007f62150cbe20, 0x00007f62150ce730]
Event: 4.670 Thread 0x00007f62180ab800  192             com.android.dx.rop.code.SourcePosition::getLine (5 bytes)
Event: 4.670 Thread 0x00007f62180ab800 nmethod 192 0x00007f62150b1990 code [0x00007f62150b1ac0, 0x00007f62150b1b18]
Event: 4.670 Thread 0x00007f62180ab800  193             com.android.dx.ssa.SCCP::run (298 bytes)

GC Heap History (5 events):
Event: 1.675 GC heap before
{Heap before GC invocations=1 (full 0):
 PSYoungGen      total 18432K, used 15872K [0x00000000eaa80000, 0x00000000ebf00000, 0x0000000100000000)
  eden space 15872K, 100% used [0x00000000eaa80000,0x00000000eba00000,0x00000000eba00000)
  from space 2560K, 0% used [0x00000000ebc80000,0x00000000ebc80000,0x00000000ebf00000)
  to   space 2560K, 0% used [0x00000000eba00000,0x00000000eba00000,0x00000000ebc80000)
 ParOldGen       total 41472K, used 0K [0x00000000c0000000, 0x00000000c2880000, 0x00000000eaa80000)
  object space 41472K, 0% used [0x00000000c0000000,0x00000000c0000000,0x00000000c2880000)
 PSPermGen       total 21504K, used 5770K [0x00000000b5a00000, 0x00000000b6f00000, 0x00000000c0000000)
  object space 21504K, 26% used [0x00000000b5a00000,0x00000000b5fa28a0,0x00000000b6f00000)
Event: 1.807 GC heap after
Heap after GC invocations=1 (full 0):
 PSYoungGen      total 18432K, used 2551K [0x00000000eaa80000, 0x00000000ece80000, 0x0000000100000000)
  eden space 15872K, 0% used [0x00000000eaa80000,0x00000000eaa80000,0x00000000eba00000)
  from space 2560K, 99% used [0x00000000eba00000,0x00000000ebc7dc78,0x00000000ebc80000)
  to   space 2560K, 0% used [0x00000000ecc00000,0x00000000ecc00000,0x00000000ece80000)
 ParOldGen       total 41472K, used 1339K [0x00000000c0000000, 0x00000000c2880000, 0x00000000eaa80000)
  object space 41472K, 3% used [0x00000000c0000000,0x00000000c014ed80,0x00000000c2880000)
 PSPermGen       total 21504K, used 5770K [0x00000000b5a00000, 0x00000000b6f00000, 0x00000000c0000000)
  object space 21504K, 26% used [0x00000000b5a00000,0x00000000b5fa28a0,0x00000000b6f00000)
}
Event: 2.638 GC heap before
{Heap before GC invocations=2 (full 0):
 PSYoungGen      total 18432K, used 18423K [0x00000000eaa80000, 0x00000000ece80000, 0x0000000100000000)
  eden space 15872K, 100% used [0x00000000eaa80000,0x00000000eba00000,0x00000000eba00000)
  from space 2560K, 99% used [0x00000000eba00000,0x00000000ebc7dc78,0x00000000ebc80000)
  to   space 2560K, 0% used [0x00000000ecc00000,0x00000000ecc00000,0x00000000ece80000)
 ParOldGen       total 41472K, used 1339K [0x00000000c0000000, 0x00000000c2880000, 0x00000000eaa80000)
  object space 41472K, 3% used [0x00000000c0000000,0x00000000c014ed80,0x00000000c2880000)
 PSPermGen       total 21504K, used 5939K [0x00000000b5a00000, 0x00000000b6f00000, 0x00000000c0000000)
  object space 21504K, 27% used [0x00000000b5a00000,0x00000000b5fccf00,0x00000000b6f00000)
Event: 2.655 GC heap after
Heap after GC invocations=2 (full 0):
 PSYoungGen      total 34304K, used 2551K [0x00000000eaa80000, 0x00000000ece80000, 0x0000000100000000)
  eden space 31744K, 0% used [0x00000000eaa80000,0x00000000eaa80000,0x00000000ec980000)
  from space 2560K, 99% used [0x00000000ecc00000,0x00000000ece7dc98,0x00000000ece80000)
  to   space 2560K, 0% used [0x00000000ec980000,0x00000000ec980000,0x00000000ecc00000)
 ParOldGen       total 41472K, used 3072K [0x00000000c0000000, 0x00000000c2880000, 0x00000000eaa80000)
  object space 41472K, 7% used [0x00000000c0000000,0x00000000c03001e0,0x00000000c2880000)
 PSPermGen       total 21504K, used 5939K [0x00000000b5a00000, 0x00000000b6f00000, 0x00000000c0000000)
  object space 21504K, 27% used [0x00000000b5a00000,0x00000000b5fccf00,0x00000000b6f00000)
}
Event: 4.732 GC heap before
{Heap before GC invocations=3 (full 0):
 PSYoungGen      total 34304K, used 34295K [0x00000000eaa80000, 0x00000000ece80000, 0x0000000100000000)
  eden space 31744K, 100% used [0x00000000eaa80000,0x00000000ec980000,0x00000000ec980000)
  from space 2560K, 99% used [0x00000000ecc00000,0x00000000ece7dc98,0x00000000ece80000)
  to   space 2560K, 0% used [0x00000000ec980000,0x00000000ec980000,0x00000000ecc00000)
 ParOldGen       total 41472K, used 3072K [0x00000000c0000000, 0x00000000c2880000, 0x00000000eaa80000)
  object space 41472K, 7% used [0x00000000c0000000,0x00000000c03001e0,0x00000000c2880000)
 PSPermGen       total 21504K, used 6021K [0x00000000b5a00000, 0x00000000b6f00000, 0x00000000c0000000)
  object space 21504K, 28% used [0x00000000b5a00000,0x00000000b5fe1678,0x00000000b6f00000)

Deoptimization events (10 events):
Event: 1.492 Thread 0x00007f621800a800 Uncommon trap: reason=null_check action=make_not_entrant pc=0x00007f621507c1e0 method=com.android.dx.rop.code.LocalItem.equals(Ljava/lang/Object;)Z @ 1
Event: 1.979 Thread 0x00007f6218198800 Uncommon trap: reason=null_check action=make_not_entrant pc=0x00007f6215078edc method=com.android.dx.rop.code.LocalItem.equals(Ljava/lang/Object;)Z @ 1
Event: 1.982 Thread 0x00007f6218198800 Uncommon trap: reason=unstable_if action=reinterpret pc=0x00007f6215091c44 method=com.android.dx.ssa.NormalSsaInsn.getLocalAssignment()Lcom/android/dx/rop/code/RegisterSpec; @ 12
Event: 2.259 Thread 0x00007f621819d800 Uncommon trap: reason=null_check action=make_not_entrant pc=0x00007f621509b788 method=com.android.dx.ssa.SsaRenamer.getLocalForNewReg(I)Lcom/android/dx/rop/code/LocalItem; @ 19
Event: 3.194 Thread 0x00007f621819d800 Uncommon trap: reason=null_check action=make_not_entrant pc=0x00007f62150be6bc method=com.android.dx.rop.code.RegisterSpec.equals(Ljava/lang/Object;)Z @ 1
Event: 3.532 Thread 0x00007f621819d800 Uncommon trap: reason=class_check action=maybe_recompile pc=0x00007f62150aebdc method=com.android.dx.ssa.NormalSsaInsn.accept(Lcom/android/dx/ssa/SsaInsn$Visitor;)V @ 9
Event: 3.532 Thread 0x00007f621819d800 Uncommon trap: reason=class_check action=maybe_recompile pc=0x00007f62150aebdc method=com.android.dx.ssa.NormalSsaInsn.accept(Lcom/android/dx/ssa/SsaInsn$Visitor;)V @ 9
Event: 3.532 Thread 0x00007f621819d800 Uncommon trap: reason=class_check action=maybe_recompile pc=0x00007f62150aebdc method=com.android.dx.ssa.NormalSsaInsn.accept(Lcom/android/dx/ssa/SsaInsn$Visitor;)V @ 9
Event: 3.532 Thread 0x00007f621819d800 Uncommon trap: reason=class_check action=maybe_recompile pc=0x00007f62150aebdc method=com.android.dx.ssa.NormalSsaInsn.accept(Lcom/android/dx/ssa/SsaInsn$Visitor;)V @ 9
Event: 3.613 Thread 0x00007f6218198800 Uncommon trap: reason=unstable_if action=reinterpret pc=0x00007f621508a904 method=com.android.dx.rop.cst.Constant.compareTo(Lcom/android/dx/rop/cst/Constant;)I @ 12

Internal exceptions (10 events):
Event: 1.063 Thread 0x00007f621800a800 Threw 0x00000000eb3d30d0 at /build/openjdk-7-zaTxYK/openjdk-7-7u91-2.6.3/build/openjdk/hotspot/src/share/vm/prims/jvm.cpp:1322
Event: 1.072 Thread 0x00007f62181ab000 Threw 0x00000000eb244f38 at /build/openjdk-7-zaTxYK/openjdk-7-7u91-2.6.3/build/openjdk/hotspot/src/share/vm/prims/jvm.cpp:1322
Event: 1.093 Thread 0x00007f621819d800 Threw 0x00000000eb3a70c0 at /build/openjdk-7-zaTxYK/openjdk-7-7u91-2.6.3/build/openjdk/hotspot/src/share/vm/prims/jvm.cpp:1322
Event: 1.142 Thread 0x00007f62181aa000 Threw 0x00000000eb30ecb8 at /build/openjdk-7-zaTxYK/openjdk-7-7u91-2.6.3/build/openjdk/hotspot/src/share/vm/prims/jvm.cpp:1322
Event: 1.492 Thread 0x00007f621800a800 Implicit null exception at 0x00007f621507bfe3 to 0x00007f621507c1c9
Event: 1.970 Thread 0x00007f6218198800 Implicit null exception at 0x00007f6215078826 to 0x00007f6215078eb1
Event: 2.259 Thread 0x00007f621819d800 Implicit null exception at 0x00007f621509ac02 to 0x00007f621509b76d
Event: 2.686 Thread 0x00007f621800a800 Threw 0x00000000eabdcf68 at /build/openjdk-7-zaTxYK/openjdk-7-7u91-2.6.3/build/openjdk/hotspot/src/share/vm/prims/jvm.cpp:1322
Event: 3.194 Thread 0x00007f621819d800 Implicit null exception at 0x00007f62150bce45 to 0x00007f62150be691
Event: 3.211 Thread 0x00007f621800a800 Threw 0x00000000eb2ca588 at /build/openjdk-7-zaTxYK/openjdk-7-7u91-2.6.3/build/openjdk/hotspot/src/share/vm/prims/jvm.cpp:1322

Events (10 events):
Event: 3.532 Thread 0x00007f621819d800 DEOPT UNPACKING pc=0x00007f6215039445 sp=0x00007f61e652bfd0 mode 2
Event: 3.532 Thread 0x00007f621819d800 Uncommon trap: trap_request=0xffffffde fr.pc=0x00007f62150aebdc
Event: 3.532 Thread 0x00007f621819d800 DEOPT PACKING pc=0x00007f62150aebdc sp=0x00007f61e652bfd0
Event: 3.532 Thread 0x00007f621819d800 DEOPT UNPACKING pc=0x00007f6215039445 sp=0x00007f61e652bfd0 mode 2
Event: 3.613 Thread 0x00007f6218198800 Uncommon trap: trap_request=0xffffff75 fr.pc=0x00007f621508a904
Event: 3.613 Thread 0x00007f6218198800 DEOPT PACKING pc=0x00007f621508a904 sp=0x00007f61e672ddd0
Event: 3.613 Thread 0x00007f6218198800 DEOPT UNPACKING pc=0x00007f6215039445 sp=0x00007f61e672dd90 mode 2
Event: 4.349 Executing VM operation: EnableBiasedLocking
Event: 4.366 Executing VM operation: EnableBiasedLocking done
Event: 4.709 Executing VM operation: ParallelGCFailedAllocation


Dynamic libraries:
00400000-00401000 r-xp 00000000 fc:00 13500716                           /usr/lib/jvm/java-7-openjdk-amd64/jre/bin/java
00600000-00601000 r--p 00000000 fc:00 13500716                           /usr/lib/jvm/java-7-openjdk-amd64/jre/bin/java
00601000-00602000 rw-p 00001000 fc:00 13500716                           /usr/lib/jvm/java-7-openjdk-amd64/jre/bin/java
01b12000-01b33000 rw-p 00000000 00:00 0                                  [heap]
b5a00000-b6f00000 rw-p 00000000 00:00 0 
b6f00000-c0000000 rw-p 00000000 00:00 0 
c0000000-c2880000 rw-p 00000000 00:00 0 
c2880000-eaa80000 rw-p 00000000 00:00 0 
eaa80000-ece80000 rw-p 00000000 00:00 0 
eed80000-100000000 rw-p 00000000 00:00 0 
7f61c8000000-7f61c8021000 rw-p 00000000 00:00 0 
7f61c8021000-7f61cc000000 ---p 00000000 00:00 0 
7f61cc000000-7f61cc021000 rw-p 00000000 00:00 0 
7f61cc021000-7f61d0000000 ---p 00000000 00:00 0 
7f61d0000000-7f61d0021000 rw-p 00000000 00:00 0 
7f61d0021000-7f61d4000000 ---p 00000000 00:00 0 
7f61d4000000-7f61d402d000 rw-p 00000000 00:00 0 
7f61d402d000-7f61d8000000 ---p 00000000 00:00 0 
7f61d8000000-7f61d8021000 rw-p 00000000 00:00 0 
7f61d8021000-7f61dc000000 ---p 00000000 00:00 0 
7f61dc000000-7f61dc026000 rw-p 00000000 00:00 0 
7f61dc026000-7f61e0000000 ---p 00000000 00:00 0 
7f61e0000000-7f61e0021000 rw-p 00000000 00:00 0 
7f61e0021000-7f61e4000000 ---p 00000000 00:00 0 
7f61e60ca000-7f61e622b000 rw-p 00000000 00:00 0 
7f61e622b000-7f61e622e000 ---p 00000000 00:00 0 
7f61e622e000-7f61e632c000 rw-p 00000000 00:00 0                          [stack:12776]
7f61e632c000-7f61e632f000 ---p 00000000 00:00 0 
7f61e632f000-7f61e642d000 rw-p 00000000 00:00 0                          [stack:12772]
7f61e642d000-7f61e6430000 ---p 00000000 00:00 0 
7f61e6430000-7f61e652e000 rw-p 00000000 00:00 0                          [stack:12771]
7f61e652e000-7f61e6531000 ---p 00000000 00:00 0 
7f61e6531000-7f61e662f000 rw-p 00000000 00:00 0                          [stack:12762]
7f61e662f000-7f61e6632000 ---p 00000000 00:00 0 
7f61e6632000-7f61e6761000 rw-p 00000000 00:00 0                          [stack:12760]
7f61e6761000-7f61e679e000 r-xp 00000000 fc:00 50856417                   /lib/x86_64-linux-gnu/libpcre.so.3.13.1
7f61e679e000-7f61e699d000 ---p 0003d000 fc:00 50856417                   /lib/x86_64-linux-gnu/libpcre.so.3.13.1
7f61e699d000-7f61e699e000 r--p 0003c000 fc:00 50856417                   /lib/x86_64-linux-gnu/libpcre.so.3.13.1
7f61e699e000-7f61e699f000 rw-p 0003d000 fc:00 50856417                   /lib/x86_64-linux-gnu/libpcre.so.3.13.1
7f61e699f000-7f61e69a6000 r-xp 00000000 fc:00 9180596                    /usr/lib/x86_64-linux-gnu/libffi.so.6.0.1
7f61e69a6000-7f61e6ba5000 ---p 00007000 fc:00 9180596                    /usr/lib/x86_64-linux-gnu/libffi.so.6.0.1
7f61e6ba5000-7f61e6ba6000 r--p 00006000 fc:00 9180596                    /usr/lib/x86_64-linux-gnu/libffi.so.6.0.1
7f61e6ba6000-7f61e6ba7000 rw-p 00007000 fc:00 9180596                    /usr/lib/x86_64-linux-gnu/libffi.so.6.0.1
7f61e6ba7000-7f61e6bbe000 r-xp 00000000 fc:00 50856425                   /lib/x86_64-linux-gnu/libresolv-2.19.so
7f61e6bbe000-7f61e6dbe000 ---p 00017000 fc:00 50856425                   /lib/x86_64-linux-gnu/libresolv-2.19.so
7f61e6dbe000-7f61e6dbf000 r--p 00017000 fc:00 50856425                   /lib/x86_64-linux-gnu/libresolv-2.19.so
7f61e6dbf000-7f61e6dc0000 rw-p 00018000 fc:00 50856425                   /lib/x86_64-linux-gnu/libresolv-2.19.so
7f61e6dc0000-7f61e6dc2000 rw-p 00000000 00:00 0 
7f61e6dc2000-7f61e6de2000 r-xp 00000000 fc:00 50860031                   /lib/x86_64-linux-gnu/libselinux.so.1
7f61e6de2000-7f61e6fe1000 ---p 00020000 fc:00 50860031                   /lib/x86_64-linux-gnu/libselinux.so.1
7f61e6fe1000-7f61e6fe2000 r--p 0001f000 fc:00 50860031                   /lib/x86_64-linux-gnu/libselinux.so.1
7f61e6fe2000-7f61e6fe3000 rw-p 00020000 fc:00 50860031                   /lib/x86_64-linux-gnu/libselinux.so.1
7f61e6fe3000-7f61e6fe5000 rw-p 00000000 00:00 0 
7f61e6fe5000-7f61e6fe8000 r-xp 00000000 fc:00 9175404                    /usr/lib/x86_64-linux-gnu/libgmodule-2.0.so.0.4002.0
7f61e6fe8000-7f61e71e7000 ---p 00003000 fc:00 9175404                    /usr/lib/x86_64-linux-gnu/libgmodule-2.0.so.0.4002.0
7f61e71e7000-7f61e71e8000 r--p 00002000 fc:00 9175404                    /usr/lib/x86_64-linux-gnu/libgmodule-2.0.so.0.4002.0
7f61e71e8000-7f61e71e9000 rw-p 00003000 fc:00 9175404                    /usr/lib/x86_64-linux-gnu/libgmodule-2.0.so.0.4002.0
7f61e71e9000-7f61e72ef000 r-xp 00000000 fc:00 50859846                   /lib/x86_64-linux-gnu/libglib-2.0.so.0.4002.0
7f61e72ef000-7f61e74ee000 ---p 00106000 fc:00 50859846                   /lib/x86_64-linux-gnu/libglib-2.0.so.0.4002.0
7f61e74ee000-7f61e74ef000 r--p 00105000 fc:00 50859846                   /lib/x86_64-linux-gnu/libglib-2.0.so.0.4002.0
7f61e74ef000-7f61e74f0000 rw-p 00106000 fc:00 50859846                   /lib/x86_64-linux-gnu/libglib-2.0.so.0.4002.0
7f61e74f0000-7f61e74f1000 rw-p 00000000 00:00 0 
7f61e74f1000-7f61e7540000 r-xp 00000000 fc:00 9175422                    /usr/lib/x86_64-linux-gnu/libgobject-2.0.so.0.4002.0
7f61e7540000-7f61e7740000 ---p 0004f000 fc:00 9175422                    /usr/lib/x86_64-linux-gnu/libgobject-2.0.so.0.4002.0
7f61e7740000-7f61e7741000 r--p 0004f000 fc:00 9175422                    /usr/lib/x86_64-linux-gnu/libgobject-2.0.so.0.4002.0
7f61e7741000-7f61e7742000 rw-p 00050000 fc:00 9175422                    /usr/lib/x86_64-linux-gnu/libgobject-2.0.so.0.4002.0
7f61e7742000-7f61e78ae000 r-xp 00000000 fc:00 9175426                    /usr/lib/x86_64-linux-gnu/libgio-2.0.so.0.4002.0
7f61e78ae000-7f61e7aad000 ---p 0016c000 fc:00 9175426                    /usr/lib/x86_64-linux-gnu/libgio-2.0.so.0.4002.0
7f61e7aad000-7f61e7ab1000 r--p 0016b000 fc:00 9175426                    /usr/lib/x86_64-linux-gnu/libgio-2.0.so.0.4002.0
7f61e7ab1000-7f61e7ab3000 rw-p 0016f000 fc:00 9175426                    /usr/lib/x86_64-linux-gnu/libgio-2.0.so.0.4002.0
7f61e7ab3000-7f61e7ab5000 rw-p 00000000 00:00 0 
7f61e7ad5000-7f61e7aec000 r-xp 00000000 fc:00 13500794                   /usr/lib/jvm/java-7-openjdk-amd64/jre/lib/amd64/libnet.so
7f61e7aec000-7f61e7ceb000 ---p 00017000 fc:00 13500794                   /usr/lib/jvm/java-7-openjdk-amd64/jre/lib/amd64/libnet.so
7f61e7ceb000-7f61e7cec000 r--p 00016000 fc:00 13500794                   /usr/lib/jvm/java-7-openjdk-amd64/jre/lib/amd64/libnet.so
7f61e7cec000-7f61e7ced000 rw-p 00017000 fc:00 13500794                   /usr/lib/jvm/java-7-openjdk-amd64/jre/lib/amd64/libnet.so
7f61e7ced000-7f61e7cfd000 r-xp 00000000 fc:00 13500759                   /usr/lib/jvm/java-7-openjdk-amd64/jre/lib/amd64/libnio.so
7f61e7cfd000-7f61e7efd000 ---p 00010000 fc:00 13500759                   /usr/lib/jvm/java-7-openjdk-amd64/jre/lib/amd64/libnio.so
7f61e7efd000-7f61e7efe000 r--p 00010000 fc:00 13500759                   /usr/lib/jvm/java-7-openjdk-amd64/jre/lib/amd64/libnio.so
7f61e7efe000-7f61e7eff000 rw-p 00011000 fc:00 13500759                   /usr/lib/jvm/java-7-openjdk-amd64/jre/lib/amd64/libnio.so
7f61e7eff000-7f61e7f00000 ---p 00000000 00:00 0 
7f61e7f00000-7f61e8000000 rw-p 00000000 00:00 0                          [stack:12748]
7f61e8000000-7f61e8a05000 rw-p 00000000 00:00 0 
7f61e8a05000-7f61ec000000 ---p 00000000 00:00 0 
7f61ec000000-7f61ec93b000 rw-p 00000000 00:00 0 
7f61ec93b000-7f61f0000000 ---p 00000000 00:00 0 
7f61f0000000-7f61f0021000 rw-p 00000000 00:00 0 
7f61f0021000-7f61f4000000 ---p 00000000 00:00 0 
7f61f4000000-7f61f4021000 rw-p 00000000 00:00 0 
7f61f4021000-7f61f8000000 ---p 00000000 00:00 0 
7f61f8000000-7f61f80e1000 rw-p 00000000 00:00 0 
7f61f80e1000-7f61fc000000 ---p 00000000 00:00 0 
7f61fc000000-7f61fc021000 rw-p 00000000 00:00 0 
7f61fc021000-7f6200000000 ---p 00000000 00:00 0 
7f6200000000-7f6200021000 rw-p 00000000 00:00 0 
7f6200021000-7f6204000000 ---p 00000000 00:00 0 
7f6204000000-7f6204021000 rw-p 00000000 00:00 0 
7f6204021000-7f6208000000 ---p 00000000 00:00 0 
7f6208000000-7f6208021000 rw-p 00000000 00:00 0 
7f6208021000-7f620c000000 ---p 00000000 00:00 0 
7f620c000000-7f620c021000 rw-p 00000000 00:00 0 
7f620c021000-7f6210000000 ---p 00000000 00:00 0 
7f6210013000-7f6210016000 ---p 00000000 00:00 0 
7f6210016000-7f6210114000 rw-p 00000000 00:00 0                          [stack:12747]
7f6210114000-7f6210117000 ---p 00000000 00:00 0 
7f6210117000-7f6210215000 rw-p 00000000 00:00 0                          [stack:12746]
7f6210215000-7f6210218000 ---p 00000000 00:00 0 
7f6210218000-7f6210316000 rw-p 00000000 00:00 0                          [stack:12745]
7f6210316000-7f6210319000 ---p 00000000 00:00 0 
7f6210319000-7f6210417000 rw-p 00000000 00:00 0                          [stack:12742]
7f6210417000-7f6210af9000 r--p 00000000 fc:00 9181700                    /usr/lib/locale/locale-archive
7f6210af9000-7f6210afc000 ---p 00000000 00:00 0 
7f6210afc000-7f6210bfa000 rw-p 00000000 00:00 0                          [stack:12733]
7f6210bfa000-7f6210bfd000 ---p 00000000 00:00 0 
7f6210bfd000-7f6210cfb000 rw-p 00000000 00:00 0                          [stack:12731]
7f6210cfb000-7f6210cfc000 ---p 00000000 00:00 0 
7f6210cfc000-7f6211df9000 rw-p 00000000 00:00 0                          [stack:12727]
7f6211df9000-7f6211fab000 r--s 01d2e000 fc:00 13500744                   /usr/lib/jvm/java-7-openjdk-amd64/jre/lib/rt.jar
7f6211fab000-7f62147ff000 rw-p 00000000 00:00 0 
7f62147ff000-7f6214800000 ---p 00000000 00:00 0 
7f6214800000-7f6214900000 rw-p 00000000 00:00 0                          [stack:12717]
7f6214900000-7f6214901000 ---p 00000000 00:00 0 
7f6214901000-7f6214a01000 rw-p 00000000 00:00 0                          [stack:12716]
7f6214a01000-7f6214a02000 ---p 00000000 00:00 0 
7f6214a02000-7f6214b02000 rw-p 00000000 00:00 0                          [stack:12713]
7f6214b02000-7f6214b03000 ---p 00000000 00:00 0 
7f6214b03000-7f6214c0e000 rw-p 00000000 00:00 0                          [stack:12712]
7f6214c0e000-7f6214c56000 rw-p 00000000 00:00 0 
7f6214c56000-7f6214c6b000 rw-p 00000000 00:00 0 
7f6214c6b000-7f6214dac000 rw-p 00000000 00:00 0 
7f6214dac000-7f6214db7000 rw-p 00000000 00:00 0 
7f6214db7000-7f6214dff000 rw-p 00000000 00:00 0 
7f6214dff000-7f6214e14000 rw-p 00000000 00:00 0 
7f6214e14000-7f6214f54000 rw-p 00000000 00:00 0 
7f6214f54000-7f6214f67000 rw-p 00000000 00:00 0 
7f6214f67000-7f6214fff000 rw-p 00000000 00:00 0 
7f6214fff000-7f6215000000 rw-p 00000000 00:00 0 
7f6215000000-7f6215270000 rwxp 00000000 00:00 0 
7f6215270000-7f62181c4000 rw-p 00000000 00:00 0 
7f62181c4000-7f621c000000 ---p 00000000 00:00 0 
7f621c002000-7f621c042000 rw-p 00000000 00:00 0 
7f621c042000-7f621c04a000 r-xp 00000000 fc:00 13500764                   /usr/lib/jvm/java-7-openjdk-amd64/jre/lib/amd64/libzip.so
7f621c04a000-7f621c249000 ---p 00008000 fc:00 13500764                   /usr/lib/jvm/java-7-openjdk-amd64/jre/lib/amd64/libzip.so
7f621c249000-7f621c24a000 r--p 00007000 fc:00 13500764                   /usr/lib/jvm/java-7-openjdk-amd64/jre/lib/amd64/libzip.so
7f621c24a000-7f621c24b000 rw-p 00008000 fc:00 13500764                   /usr/lib/jvm/java-7-openjdk-amd64/jre/lib/amd64/libzip.so
7f621c24b000-7f621c256000 r-xp 00000000 fc:00 50856428                   /lib/x86_64-linux-gnu/libnss_files-2.19.so
7f621c256000-7f621c455000 ---p 0000b000 fc:00 50856428                   /lib/x86_64-linux-gnu/libnss_files-2.19.so
7f621c455000-7f621c456000 r--p 0000a000 fc:00 50856428                   /lib/x86_64-linux-gnu/libnss_files-2.19.so
7f621c456000-7f621c457000 rw-p 0000b000 fc:00 50856428                   /lib/x86_64-linux-gnu/libnss_files-2.19.so
7f621c457000-7f621c462000 r-xp 00000000 fc:00 50856475                   /lib/x86_64-linux-gnu/libnss_nis-2.19.so
7f621c462000-7f621c661000 ---p 0000b000 fc:00 50856475                   /lib/x86_64-linux-gnu/libnss_nis-2.19.so
7f621c661000-7f621c662000 r--p 0000a000 fc:00 50856475                   /lib/x86_64-linux-gnu/libnss_nis-2.19.so
7f621c662000-7f621c663000 rw-p 0000b000 fc:00 50856475                   /lib/x86_64-linux-gnu/libnss_nis-2.19.so
7f621c663000-7f621c67a000 r-xp 00000000 fc:00 50856452                   /lib/x86_64-linux-gnu/libnsl-2.19.so
7f621c67a000-7f621c879000 ---p 00017000 fc:00 50856452                   /lib/x86_64-linux-gnu/libnsl-2.19.so
7f621c879000-7f621c87a000 r--p 00016000 fc:00 50856452                   /lib/x86_64-linux-gnu/libnsl-2.19.so
7f621c87a000-7f621c87b000 rw-p 00017000 fc:00 50856452                   /lib/x86_64-linux-gnu/libnsl-2.19.so
7f621c87b000-7f621c87d000 rw-p 00000000 00:00 0 
7f621c87d000-7f621c886000 r-xp 00000000 fc:00 50856450                   /lib/x86_64-linux-gnu/libnss_compat-2.19.so
7f621c886000-7f621ca85000 ---p 00009000 fc:00 50856450                   /lib/x86_64-linux-gnu/libnss_compat-2.19.so
7f621ca85000-7f621ca86000 r--p 00008000 fc:00 50856450                   /lib/x86_64-linux-gnu/libnss_compat-2.19.so
7f621ca86000-7f621ca87000 rw-p 00009000 fc:00 50856450                   /lib/x86_64-linux-gnu/libnss_compat-2.19.so
7f621ca87000-7f621cab2000 r-xp 00000000 fc:00 13500772                   /usr/lib/jvm/java-7-openjdk-amd64/jre/lib/amd64/libjava.so
7f621cab2000-7f621ccb2000 ---p 0002b000 fc:00 13500772                   /usr/lib/jvm/java-7-openjdk-amd64/jre/lib/amd64/libjava.so
7f621ccb2000-7f621ccb3000 r--p 0002b000 fc:00 13500772                   /usr/lib/jvm/java-7-openjdk-amd64/jre/lib/amd64/libjava.so
7f621ccb3000-7f621ccb5000 rw-p 0002c000 fc:00 13500772                   /usr/lib/jvm/java-7-openjdk-amd64/jre/lib/amd64/libjava.so
7f621ccb5000-7f621ccc5000 r-xp 00000000 fc:00 13500790                   /usr/lib/jvm/java-7-openjdk-amd64/jre/lib/amd64/libverify.so
7f621ccc5000-7f621cec4000 ---p 00010000 fc:00 13500790                   /usr/lib/jvm/java-7-openjdk-amd64/jre/lib/amd64/libverify.so
7f621cec4000-7f621cec6000 r--p 0000f000 fc:00 13500790                   /usr/lib/jvm/java-7-openjdk-amd64/jre/lib/amd64/libverify.so
7f621cec6000-7f621cec7000 rw-p 00011000 fc:00 13500790                   /usr/lib/jvm/java-7-openjdk-amd64/jre/lib/amd64/libverify.so
7f621cec7000-7f621cece000 r-xp 00000000 fc:00 50856468                   /lib/x86_64-linux-gnu/librt-2.19.so
7f621cece000-7f621d0cd000 ---p 00007000 fc:00 50856468                   /lib/x86_64-linux-gnu/librt-2.19.so
7f621d0cd000-7f621d0ce000 r--p 00006000 fc:00 50856468                   /lib/x86_64-linux-gnu/librt-2.19.so
7f621d0ce000-7f621d0cf000 rw-p 00007000 fc:00 50856468                   /lib/x86_64-linux-gnu/librt-2.19.so
7f621d0cf000-7f621d0e5000 r-xp 00000000 fc:00 50859878                   /lib/x86_64-linux-gnu/libgcc_s.so.1
7f621d0e5000-7f621d2e4000 ---p 00016000 fc:00 50859878                   /lib/x86_64-linux-gnu/libgcc_s.so.1
7f621d2e4000-7f621d2e5000 rw-p 00015000 fc:00 50859878                   /lib/x86_64-linux-gnu/libgcc_s.so.1
7f621d2e5000-7f621d3ea000 r-xp 00000000 fc:00 50856427                   /lib/x86_64-linux-gnu/libm-2.19.so
7f621d3ea000-7f621d5e9000 ---p 00105000 fc:00 50856427                   /lib/x86_64-linux-gnu/libm-2.19.so
7f621d5e9000-7f621d5ea000 r--p 00104000 fc:00 50856427                   /lib/x86_64-linux-gnu/libm-2.19.so
7f621d5ea000-7f621d5eb000 rw-p 00105000 fc:00 50856427                   /lib/x86_64-linux-gnu/libm-2.19.so
7f621d5eb000-7f621d6d1000 r-xp 00000000 fc:00 9179299                    /usr/lib/x86_64-linux-gnu/libstdc++.so.6.0.19
7f621d6d1000-7f621d8d0000 ---p 000e6000 fc:00 9179299                    /usr/lib/x86_64-linux-gnu/libstdc++.so.6.0.19
7f621d8d0000-7f621d8d8000 r--p 000e5000 fc:00 9179299                    /usr/lib/x86_64-linux-gnu/libstdc++.so.6.0.19
7f621d8d8000-7f621d8da000 rw-p 000ed000 fc:00 9179299                    /usr/lib/x86_64-linux-gnu/libstdc++.so.6.0.19
7f621d8da000-7f621d8ef000 rw-p 00000000 00:00 0 
7f621d8ef000-7f621e413000 r-xp 00000000 fc:00 13500780                   /usr/lib/jvm/java-7-openjdk-amd64/jre/lib/amd64/server/libjvm.so
7f621e413000-7f621e613000 ---p 00b24000 fc:00 13500780                   /usr/lib/jvm/java-7-openjdk-amd64/jre/lib/amd64/server/libjvm.so
7f621e613000-7f621e6ad000 r--p 00b24000 fc:00 13500780                   /usr/lib/jvm/java-7-openjdk-amd64/jre/lib/amd64/server/libjvm.so
7f621e6ad000-7f621e6d0000 rw-p 00bbe000 fc:00 13500780                   /usr/lib/jvm/java-7-openjdk-amd64/jre/lib/amd64/server/libjvm.so
7f621e6d0000-7f621e6fe000 rw-p 00000000 00:00 0 
7f621e6fe000-7f621e716000 r-xp 00000000 fc:00 50860064                   /lib/x86_64-linux-gnu/libz.so.1.2.8
7f621e716000-7f621e915000 ---p 00018000 fc:00 50860064                   /lib/x86_64-linux-gnu/libz.so.1.2.8
7f621e915000-7f621e916000 r--p 00017000 fc:00 50860064                   /lib/x86_64-linux-gnu/libz.so.1.2.8
7f621e916000-7f621e917000 rw-p 00018000 fc:00 50860064                   /lib/x86_64-linux-gnu/libz.so.1.2.8
7f621e917000-7f621e930000 r-xp 00000000 fc:00 50856464                   /lib/x86_64-linux-gnu/libpthread-2.19.so
7f621e930000-7f621eb2f000 ---p 00019000 fc:00 50856464                   /lib/x86_64-linux-gnu/libpthread-2.19.so
7f621eb2f000-7f621eb30000 r--p 00018000 fc:00 50856464                   /lib/x86_64-linux-gnu/libpthread-2.19.so
7f621eb30000-7f621eb31000 rw-p 00019000 fc:00 50856464                   /lib/x86_64-linux-gnu/libpthread-2.19.so
7f621eb31000-7f621eb35000 rw-p 00000000 00:00 0 
7f621eb35000-7f621eb38000 r-xp 00000000 fc:00 50856438                   /lib/x86_64-linux-gnu/libdl-2.19.so
7f621eb38000-7f621ed37000 ---p 00003000 fc:00 50856438                   /lib/x86_64-linux-gnu/libdl-2.19.so
7f621ed37000-7f621ed38000 r--p 00002000 fc:00 50856438                   /lib/x86_64-linux-gnu/libdl-2.19.so
7f621ed38000-7f621ed39000 rw-p 00003000 fc:00 50856438                   /lib/x86_64-linux-gnu/libdl-2.19.so
7f621ed39000-7f621eef4000 r-xp 00000000 fc:00 50856462                   /lib/x86_64-linux-gnu/libc-2.19.so
7f621eef4000-7f621f0f3000 ---p 001bb000 fc:00 50856462                   /lib/x86_64-linux-gnu/libc-2.19.so
7f621f0f3000-7f621f0f7000 r--p 001ba000 fc:00 50856462                   /lib/x86_64-linux-gnu/libc-2.19.so
7f621f0f7000-7f621f0f9000 rw-p 001be000 fc:00 50856462                   /lib/x86_64-linux-gnu/libc-2.19.so
7f621f0f9000-7f621f0fe000 rw-p 00000000 00:00 0 
7f621f0fe000-7f621f10b000 r-xp 00000000 fc:00 13500791                   /usr/lib/jvm/java-7-openjdk-amd64/jre/lib/amd64/jli/libjli.so
7f621f10b000-7f621f30a000 ---p 0000d000 fc:00 13500791                   /usr/lib/jvm/java-7-openjdk-amd64/jre/lib/amd64/jli/libjli.so
7f621f30a000-7f621f30b000 r--p 0000c000 fc:00 13500791                   /usr/lib/jvm/java-7-openjdk-amd64/jre/lib/amd64/jli/libjli.so
7f621f30b000-7f621f30c000 rw-p 0000d000 fc:00 13500791                   /usr/lib/jvm/java-7-openjdk-amd64/jre/lib/amd64/jli/libjli.so
7f621f30c000-7f621f32f000 r-xp 00000000 fc:00 50856456                   /lib/x86_64-linux-gnu/ld-2.19.so
7f621f32f000-7f621f337000 r--s 0003b000 00:19 21627368                   /home/ben/git/DressMe/DressMe_Android/DressMe/build/intermediates/exploded-aar/com.google.android.gms/play-services-maps/8.1.0/jars/classes.jar
7f621f337000-7f621f346000 r--s 000df000 00:19 15868815                   /home/ben/Android/Sdk/build-tools/23.0.1/lib/dx.jar
7f621f346000-7f621f350000 rw-p 00000000 00:00 0 
7f621f350000-7f621f406000 rw-p 00000000 00:00 0 
7f621f406000-7f621f409000 ---p 00000000 00:00 0 
7f621f409000-7f621f50c000 rw-p 00000000 00:00 0                          [stack:12707]
7f621f50d000-7f621f50e000 rw-p 00000000 00:00 0 
7f621f50e000-7f621f511000 r--s 0000f000 fc:00 13500736                   /usr/lib/jvm/java-7-openjdk-amd64/jre/lib/ext/icedtea-sound.jar
7f621f511000-7f621f515000 r--s 00034000 fc:00 13500738                   /usr/lib/jvm/java-7-openjdk-amd64/jre/lib/ext/sunjce_provider.jar
7f621f515000-7f621f517000 r--s 00006000 fc:00 9570533                    /usr/share/java/java-atk-wrapper.jar
7f621f517000-7f621f51b000 r--s 00085000 fc:00 13500735                   /usr/lib/jvm/java-7-openjdk-amd64/jre/lib/ext/localedata.jar
7f621f51b000-7f621f51d000 r--s 00012000 fc:00 13500734                   /usr/lib/jvm/java-7-openjdk-amd64/jre/lib/ext/zipfs.jar
7f621f51d000-7f621f51e000 r--s 00002000 fc:00 13500740                   /usr/lib/jvm/java-7-openjdk-amd64/jre/lib/ext/dnsns.jar
7f621f51e000-7f621f522000 r--s 0003c000 fc:00 13500739                   /usr/lib/jvm/java-7-openjdk-amd64/jre/lib/ext/sunpkcs11.jar
7f621f522000-7f621f52a000 rw-s 00000000 fc:00 53477469                   /tmp/hsperfdata_ben/12701
7f621f52a000-7f621f52b000 rw-p 00000000 00:00 0 
7f621f52b000-7f621f52c000 ---p 00000000 00:00 0 
7f621f52c000-7f621f52e000 rw-p 00000000 00:00 0 
7f621f52e000-7f621f52f000 r--p 00022000 fc:00 50856456                   /lib/x86_64-linux-gnu/ld-2.19.so
7f621f52f000-7f621f530000 rw-p 00023000 fc:00 50856456                   /lib/x86_64-linux-gnu/ld-2.19.so
7f621f530000-7f621f531000 rw-p 00000000 00:00 0 
7fffe0e70000-7fffe0e91000 rw-p 00000000 00:00 0                          [stack]
7fffe0f5a000-7fffe0f5c000 r-xp 00000000 00:00 0                          [vdso]
ffffffffff600000-ffffffffff601000 r-xp 00000000 00:00 0                  [vsyscall]

VM Arguments:
jvm_args: -Xmx1024M -Dfile.encoding=UTF-8 -Duser.country=US -Duser.language=en -Duser.variant 
java_command: com.android.dx.command.Main --dex --num-threads=4 --output /home/ben/git/DressMe/DressMe_Android/DressMe/build/intermediates/pre-dexed/debug/classes-8f2bcd17bec24ae7c0a8a5ac6ce5a29773989e32.jar /home/ben/git/DressMe/DressMe_Android/DressMe/build/intermediates/exploded-aar/com.google.android.gms/play-services-maps/8.1.0/jars/classes.jar
Launcher Type: SUN_STANDARD

Environment Variables:
PATH=/usr/local/sbin:/usr/local/bin:/usr/sbin:/usr/bin:/sbin:/bin:/usr/games:/usr/local/games
LD_LIBRARY_PATH=.:
SHELL=/bin/bash
DISPLAY=:0

Signal Handlers:
SIGSEGV: [libjvm.so+0x9548f0], sa_mask[0]=0x7ffbfeff, sa_flags=0x10000004
SIGBUS: [libjvm.so+0x9548f0], sa_mask[0]=0x7ffbfeff, sa_flags=0x10000004
SIGFPE: [libjvm.so+0x7cb0b0], sa_mask[0]=0x7ffbfeff, sa_flags=0x10000004
SIGPIPE: [libjvm.so+0x7cb0b0], sa_mask[0]=0x7ffbfeff, sa_flags=0x10000004
SIGXFSZ: [libjvm.so+0x7cb0b0], sa_mask[0]=0x7ffbfeff, sa_flags=0x10000004
SIGILL: [libjvm.so+0x7cb0b0], sa_mask[0]=0x7ffbfeff, sa_flags=0x10000004
SIGUSR1: SIG_DFL, sa_mask[0]=0x00000000, sa_flags=0x00000000
SIGUSR2: [libjvm.so+0x7caf50], sa_mask[0]=0x00000004, sa_flags=0x10000004
SIGHUP: [libjvm.so+0x7cb130], sa_mask[0]=0x7ffbfeff, sa_flags=0x10000004
SIGINT: [libjvm.so+0x7cb130], sa_mask[0]=0x7ffbfeff, sa_flags=0x10000004
SIGTERM: [libjvm.so+0x7cb130], sa_mask[0]=0x7ffbfeff, sa_flags=0x10000004
SIGQUIT: [libjvm.so+0x7cb130], sa_mask[0]=0x7ffbfeff, sa_flags=0x10000004
SIGTRAP: SIG_DFL, sa_mask[0]=0x00000000, sa_flags=0x00000000


---------------  S Y S T E M  ---------------

OS:Ubuntu 14.04 (trusty)
uname:Linux 3.13.0-48-generic #80-Ubuntu SMP Thu Mar 12 11:16:15 UTC 2015 x86_64
libc:glibc 2.19 NPTL 2.19 
rlimit: STACK 8192k, CORE 0k, NPROC 31008, NOFILE 4096, AS infinity
load average:5.76 2.21 2.09

/proc/meminfo:
MemTotal:        3999664 kB
MemFree:         1251176 kB
Buffers:            3248 kB
Cached:           137188 kB
SwapCached:            0 kB
Active:          2430516 kB
Inactive:         133804 kB
Active(anon):    2426008 kB
Inactive(anon):    67936 kB
Active(file):       4508 kB
Inactive(file):    65868 kB
Unevictable:          32 kB
Mlocked:              32 kB
SwapTotal:             0 kB
SwapFree:              0 kB
Dirty:              3020 kB
Writeback:             0 kB
AnonPages:       2424300 kB
Mapped:            83668 kB
Shmem:             69564 kB
Slab:              84296 kB
SReclaimable:      30092 kB
SUnreclaim:        54204 kB
KernelStack:        6008 kB
PageTables:        36756 kB
NFS_Unstable:          0 kB
Bounce:                0 kB
WritebackTmp:          0 kB
CommitLimit:     1999832 kB
Committed_AS:    6756532 kB
VmallocTotal:   34359738367 kB
VmallocUsed:       93252 kB
VmallocChunk:   34359611900 kB
HardwareCorrupted:     0 kB
AnonHugePages:    888832 kB
HugePages_Total:       0
HugePages_Free:        0
HugePages_Rsvd:        0
HugePages_Surp:        0
Hugepagesize:       2048 kB
DirectMap4k:       84724 kB
DirectMap2M:     4061184 kB


CPU:total 4 (2 cores per cpu, 2 threads per core) family 6 model 58 stepping 9, cmov, cx8, fxsr, mmx, sse, sse2, sse3, ssse3, sse4.1, sse4.2, popcnt, avx, erms, ht, tsc, tscinvbit, tscinv

/proc/cpuinfo:
processor	: 0
vendor_id	: GenuineIntel
cpu family	: 6
model		: 58
model name	: Intel(R) Core(TM) i3-3220 CPU @ 3.30GHz
stepping	: 9
microcode	: 0x12
cpu MHz		: 3300.000
cache size	: 3072 KB
physical id	: 0
siblings	: 4
core id		: 0
cpu cores	: 2
apicid		: 0
initial apicid	: 0
fpu		: yes
fpu_exception	: yes
cpuid level	: 13
wp		: yes
flags		: fpu vme de pse tsc msr pae mce cx8 apic sep mtrr pge mca cmov pat pse36 clflush dts acpi mmx fxsr sse sse2 ss ht tm pbe syscall nx rdtscp lm constant_tsc arch_perfmon pebs bts rep_good nopl xtopology nonstop_tsc aperfmperf eagerfpu pni pclmulqdq dtes64 monitor ds_cpl vmx est tm2 ssse3 cx16 xtpr pdcm pcid sse4_1 sse4_2 popcnt tsc_deadline_timer xsave avx f16c lahf_lm arat epb xsaveopt pln pts dtherm tpr_shadow vnmi flexpriority ept vpid fsgsbase smep erms
bogomips	: 6584.90
clflush size	: 64
cache_alignment	: 64
address sizes	: 36 bits physical, 48 bits virtual
power management:

processor	: 1
vendor_id	: GenuineIntel
cpu family	: 6
model		: 58
model name	: Intel(R) Core(TM) i3-3220 CPU @ 3.30GHz
stepping	: 9
microcode	: 0x12
cpu MHz		: 3300.000
cache size	: 3072 KB
physical id	: 0
siblings	: 4
core id		: 1
cpu cores	: 2
apicid		: 2
initial apicid	: 2
fpu		: yes
fpu_exception	: yes
cpuid level	: 13
wp		: yes
flags		: fpu vme de pse tsc msr pae mce cx8 apic sep mtrr pge mca cmov pat pse36 clflush dts acpi mmx fxsr sse sse2 ss ht tm pbe syscall nx rdtscp lm constant_tsc arch_perfmon pebs bts rep_good nopl xtopology nonstop_tsc aperfmperf eagerfpu pni pclmulqdq dtes64 monitor ds_cpl vmx est tm2 ssse3 cx16 xtpr pdcm pcid sse4_1 sse4_2 popcnt tsc_deadline_timer xsave avx f16c lahf_lm arat epb xsaveopt pln pts dtherm tpr_shadow vnmi flexpriority ept vpid fsgsbase smep erms
bogomips	: 6584.90
clflush size	: 64
cache_alignment	: 64
address sizes	: 36 bits physical, 48 bits virtual
power management:

processor	: 2
vendor_id	: GenuineIntel
cpu family	: 6
model		: 58
model name	: Intel(R) Core(TM) i3-3220 CPU @ 3.30GHz
stepping	: 9
microcode	: 0x12
cpu MHz		: 3300.000
cache size	: 3072 KB
physical id	: 0
siblings	: 4
core id		: 0
cpu cores	: 2
apicid		: 1
initial apicid	: 1
fpu		: yes
fpu_exception	: yes
cpuid level	: 13
wp		: yes
flags		: fpu vme de pse tsc msr pae mce cx8 apic sep mtrr pge mca cmov pat pse36 clflush dts acpi mmx fxsr sse sse2 ss ht tm pbe syscall nx rdtscp lm constant_tsc arch_perfmon pebs bts rep_good nopl xtopology nonstop_tsc aperfmperf eagerfpu pni pclmulqdq dtes64 monitor ds_cpl vmx est tm2 ssse3 cx16 xtpr pdcm pcid sse4_1 sse4_2 popcnt tsc_deadline_timer xsave avx f16c lahf_lm arat epb xsaveopt pln pts dtherm tpr_shadow vnmi flexpriority ept vpid fsgsbase smep erms
bogomips	: 6584.90
clflush size	: 64
cache_alignment	: 64
address sizes	: 36 bits physical, 48 bits virtual
power management:

processor	: 3
vendor_id	: GenuineIntel
cpu family	: 6
model		: 58
model name	: Intel(R) Core(TM) i3-3220 CPU @ 3.30GHz
stepping	: 9
microcode	: 0x12
cpu MHz		: 3300.000
cache size	: 3072 KB
physical id	: 0
siblings	: 4
core id		: 1
cpu cores	: 2
apicid		: 3
initial apicid	: 3
fpu		: yes
fpu_exception	: yes
cpuid level	: 13
wp		: yes
flags		: fpu vme de pse tsc msr pae mce cx8 apic sep mtrr pge mca cmov pat pse36 clflush dts acpi mmx fxsr sse sse2 ss ht tm pbe syscall nx rdtscp lm constant_tsc arch_perfmon pebs bts rep_good nopl xtopology nonstop_tsc aperfmperf eagerfpu pni pclmulqdq dtes64 monitor ds_cpl vmx est tm2 ssse3 cx16 xtpr pdcm pcid sse4_1 sse4_2 popcnt tsc_deadline_timer xsave avx f16c lahf_lm arat epb xsaveopt pln pts dtherm tpr_shadow vnmi flexpriority ept vpid fsgsbase smep erms
bogomips	: 6584.90
clflush size	: 64
cache_alignment	: 64
address sizes	: 36 bits physical, 48 bits virtual
power management:



Memory: 4k page, physical 3999664k(1250928k free), swap 0k(0k free)

vm_info: OpenJDK 64-Bit Server VM (24.91-b01) for linux-amd64 JRE (1.7.0_91-b02), built on Nov 19 2015 06:14:37 by "buildd" with gcc 4.8.2

time: Tue Dec  8 04:49:18 2015
elapsed time: 11 seconds

